{"/Users/berloonybaboony/Downloads/CS4218/cs4218-2520-ecom-project-cs4218-2520-team26/client/src/components/AdminMenu.js": {"path":"/Users/berloonybaboony/Downloads/CS4218/cs4218-2520-ecom-project-cs4218-2520-team26/client/src/components/AdminMenu.js","statementMap":{"0":{"start":{"line":3,"column":18},"end":{"line":43,"column":1}},"1":{"start":{"line":4,"column":2},"end":{"line":42,"column":4}}},"fnMap":{"0":{"name":"(anonymous_0)","decl":{"start":{"line":3,"column":18},"end":{"line":3,"column":19}},"loc":{"start":{"line":3,"column":24},"end":{"line":43,"column":1}},"line":3}},"branchMap":{},"s":{"0":0,"1":0},"f":{"0":0},"b":{}}
,"/Users/berloonybaboony/Downloads/CS4218/cs4218-2520-ecom-project-cs4218-2520-team26/client/src/components/AdminMenu.test.js": {"path":"/Users/berloonybaboony/Downloads/CS4218/cs4218-2520-ecom-project-cs4218-2520-team26/client/src/components/AdminMenu.test.js","statementMap":{"0":{"start":{"line":9,"column":4},"end":{"line":13,"column":6}},"1":{"start":{"line":17,"column":0},"end":{"line":49,"column":3}},"2":{"start":{"line":18,"column":4},"end":{"line":24,"column":7}},"3":{"start":{"line":20,"column":8},"end":{"line":20,"column":26}},"4":{"start":{"line":23,"column":8},"end":{"line":23,"column":89}},"5":{"start":{"line":26,"column":4},"end":{"line":36,"column":7}},"6":{"start":{"line":28,"column":8},"end":{"line":28,"column":26}},"7":{"start":{"line":31,"column":8},"end":{"line":31,"column":90}},"8":{"start":{"line":32,"column":8},"end":{"line":32,"column":89}},"9":{"start":{"line":33,"column":8},"end":{"line":33,"column":83}},"10":{"start":{"line":34,"column":8},"end":{"line":34,"column":81}},"11":{"start":{"line":35,"column":8},"end":{"line":35,"column":80}},"12":{"start":{"line":38,"column":4},"end":{"line":48,"column":7}},"13":{"start":{"line":40,"column":8},"end":{"line":40,"column":26}},"14":{"start":{"line":43,"column":8},"end":{"line":43,"column":130}},"15":{"start":{"line":44,"column":8},"end":{"line":44,"column":128}},"16":{"start":{"line":45,"column":8},"end":{"line":45,"column":116}},"17":{"start":{"line":46,"column":8},"end":{"line":46,"column":112}},"18":{"start":{"line":47,"column":8},"end":{"line":47,"column":110}}},"fnMap":{"0":{"name":"renderAdminMenu","decl":{"start":{"line":8,"column":9},"end":{"line":8,"column":24}},"loc":{"start":{"line":8,"column":27},"end":{"line":14,"column":1}},"line":8},"1":{"name":"(anonymous_1)","decl":{"start":{"line":17,"column":22},"end":{"line":17,"column":23}},"loc":{"start":{"line":17,"column":28},"end":{"line":49,"column":1}},"line":17},"2":{"name":"(anonymous_2)","decl":{"start":{"line":18,"column":42},"end":{"line":18,"column":43}},"loc":{"start":{"line":18,"column":48},"end":{"line":24,"column":5}},"line":18},"3":{"name":"(anonymous_3)","decl":{"start":{"line":26,"column":45},"end":{"line":26,"column":46}},"loc":{"start":{"line":26,"column":51},"end":{"line":36,"column":5}},"line":26},"4":{"name":"(anonymous_4)","decl":{"start":{"line":38,"column":56},"end":{"line":38,"column":57}},"loc":{"start":{"line":38,"column":62},"end":{"line":48,"column":5}},"line":38}},"branchMap":{},"s":{"0":0,"1":0,"2":0,"3":0,"4":0,"5":0,"6":0,"7":0,"8":0,"9":0,"10":0,"11":0,"12":0,"13":0,"14":0,"15":0,"16":0,"17":0,"18":0},"f":{"0":0,"1":0,"2":0,"3":0,"4":0},"b":{}}
,"/Users/berloonybaboony/Downloads/CS4218/cs4218-2520-ecom-project-cs4218-2520-team26/client/src/components/Footer.js": {"path":"/Users/berloonybaboony/Downloads/CS4218/cs4218-2520-ecom-project-cs4218-2520-team26/client/src/components/Footer.js","statementMap":{"0":{"start":{"line":4,"column":15},"end":{"line":14,"column":1}},"1":{"start":{"line":5,"column":2},"end":{"line":13,"column":4}}},"fnMap":{"0":{"name":"(anonymous_0)","decl":{"start":{"line":4,"column":15},"end":{"line":4,"column":16}},"loc":{"start":{"line":4,"column":21},"end":{"line":14,"column":1}},"line":4}},"branchMap":{},"s":{"0":0,"1":0},"f":{"0":0},"b":{}}
,"/Users/berloonybaboony/Downloads/CS4218/cs4218-2520-ecom-project-cs4218-2520-team26/client/src/components/Header.js": {"path":"/Users/berloonybaboony/Downloads/CS4218/cs4218-2520-ecom-project-cs4218-2520-team26/client/src/components/Header.js","statementMap":{"0":{"start":{"line":10,"column":15},"end":{"line":138,"column":1}},"1":{"start":{"line":11,"column":26},"end":{"line":11,"column":35}},"2":{"start":{"line":12,"column":17},"end":{"line":12,"column":26}},"3":{"start":{"line":13,"column":21},"end":{"line":13,"column":34}},"4":{"start":{"line":14,"column":23},"end":{"line":22,"column":3}},"5":{"start":{"line":15,"column":4},"end":{"line":19,"column":7}},"6":{"start":{"line":20,"column":4},"end":{"line":20,"column":36}},"7":{"start":{"line":21,"column":4},"end":{"line":21,"column":41}},"8":{"start":{"line":23,"column":2},"end":{"line":137,"column":4}},"9":{"start":{"line":64,"column":20},"end":{"line":71,"column":25}}},"fnMap":{"0":{"name":"(anonymous_0)","decl":{"start":{"line":10,"column":15},"end":{"line":10,"column":16}},"loc":{"start":{"line":10,"column":21},"end":{"line":138,"column":1}},"line":10},"1":{"name":"(anonymous_1)","decl":{"start":{"line":14,"column":23},"end":{"line":14,"column":24}},"loc":{"start":{"line":14,"column":29},"end":{"line":22,"column":3}},"line":14},"2":{"name":"(anonymous_2)","decl":{"start":{"line":63,"column":35},"end":{"line":63,"column":36}},"loc":{"start":{"line":64,"column":20},"end":{"line":71,"column":25}},"line":64}},"branchMap":{"0":{"loc":{"start":{"line":76,"column":15},"end":{"line":124,"column":15}},"type":"cond-expr","locations":[{"start":{"line":77,"column":16},"end":{"line":88,"column":19}},{"start":{"line":90,"column":16},"end":{"line":123,"column":19}}],"line":76},"1":{"loc":{"start":{"line":105,"column":28},"end":{"line":105,"column":69}},"type":"cond-expr","locations":[{"start":{"line":105,"column":53},"end":{"line":105,"column":60}},{"start":{"line":105,"column":63},"end":{"line":105,"column":69}}],"line":105}},"s":{"0":0,"1":0,"2":0,"3":0,"4":0,"5":0,"6":0,"7":0,"8":0,"9":0},"f":{"0":0,"1":0,"2":0},"b":{"0":[0,0],"1":[0,0]}}
,"/Users/berloonybaboony/Downloads/CS4218/cs4218-2520-ecom-project-cs4218-2520-team26/client/src/components/Layout.js": {"path":"/Users/berloonybaboony/Downloads/CS4218/cs4218-2520-ecom-project-cs4218-2520-team26/client/src/components/Layout.js","statementMap":{"0":{"start":{"line":8,"column":15},"end":{"line":26,"column":1}},"1":{"start":{"line":9,"column":2},"end":{"line":25,"column":4}},"2":{"start":{"line":28,"column":0},"end":{"line":33,"column":2}}},"fnMap":{"0":{"name":"(anonymous_0)","decl":{"start":{"line":8,"column":15},"end":{"line":8,"column":16}},"loc":{"start":{"line":8,"column":71},"end":{"line":26,"column":1}},"line":8}},"branchMap":{},"s":{"0":0,"1":0,"2":0},"f":{"0":0},"b":{}}
,"/Users/berloonybaboony/Downloads/CS4218/cs4218-2520-ecom-project-cs4218-2520-team26/client/src/components/Prices.js": {"path":"/Users/berloonybaboony/Downloads/CS4218/cs4218-2520-ecom-project-cs4218-2520-team26/client/src/components/Prices.js","statementMap":{"0":{"start":{"line":1,"column":22},"end":{"line":32,"column":3}}},"fnMap":{},"branchMap":{},"s":{"0":0},"f":{},"b":{}}
,"/Users/berloonybaboony/Downloads/CS4218/cs4218-2520-ecom-project-cs4218-2520-team26/client/src/components/Spinner.js": {"path":"/Users/berloonybaboony/Downloads/CS4218/cs4218-2520-ecom-project-cs4218-2520-team26/client/src/components/Spinner.js","statementMap":{"0":{"start":{"line":3,"column":16},"end":{"line":30,"column":1}},"1":{"start":{"line":4,"column":28},"end":{"line":4,"column":39}},"2":{"start":{"line":5,"column":19},"end":{"line":5,"column":32}},"3":{"start":{"line":6,"column":19},"end":{"line":6,"column":32}},"4":{"start":{"line":8,"column":2},"end":{"line":16,"column":34}},"5":{"start":{"line":9,"column":21},"end":{"line":11,"column":12}},"6":{"start":{"line":10,"column":6},"end":{"line":10,"column":43}},"7":{"start":{"line":10,"column":30},"end":{"line":10,"column":41}},"8":{"start":{"line":12,"column":4},"end":{"line":14,"column":9}},"9":{"start":{"line":15,"column":4},"end":{"line":15,"column":41}},"10":{"start":{"line":15,"column":17},"end":{"line":15,"column":40}},"11":{"start":{"line":17,"column":2},"end":{"line":29,"column":4}}},"fnMap":{"0":{"name":"(anonymous_0)","decl":{"start":{"line":3,"column":16},"end":{"line":3,"column":17}},"loc":{"start":{"line":3,"column":40},"end":{"line":30,"column":1}},"line":3},"1":{"name":"(anonymous_1)","decl":{"start":{"line":8,"column":12},"end":{"line":8,"column":13}},"loc":{"start":{"line":8,"column":18},"end":{"line":16,"column":3}},"line":8},"2":{"name":"(anonymous_2)","decl":{"start":{"line":9,"column":33},"end":{"line":9,"column":34}},"loc":{"start":{"line":9,"column":39},"end":{"line":11,"column":5}},"line":9},"3":{"name":"(anonymous_3)","decl":{"start":{"line":10,"column":15},"end":{"line":10,"column":16}},"loc":{"start":{"line":10,"column":30},"end":{"line":10,"column":41}},"line":10},"4":{"name":"(anonymous_4)","decl":{"start":{"line":15,"column":11},"end":{"line":15,"column":12}},"loc":{"start":{"line":15,"column":17},"end":{"line":15,"column":40}},"line":15}},"branchMap":{"0":{"loc":{"start":{"line":3,"column":19},"end":{"line":3,"column":33}},"type":"default-arg","locations":[{"start":{"line":3,"column":26},"end":{"line":3,"column":33}}],"line":3},"1":{"loc":{"start":{"line":12,"column":4},"end":{"line":14,"column":8}},"type":"binary-expr","locations":[{"start":{"line":12,"column":4},"end":{"line":12,"column":15}},{"start":{"line":12,"column":19},"end":{"line":14,"column":8}}],"line":12}},"s":{"0":0,"1":0,"2":0,"3":0,"4":0,"5":0,"6":0,"7":0,"8":0,"9":0,"10":0,"11":0},"f":{"0":0,"1":0,"2":0,"3":0,"4":0},"b":{"0":[0],"1":[0,0]}}
,"/Users/berloonybaboony/Downloads/CS4218/cs4218-2520-ecom-project-cs4218-2520-team26/client/src/components/UserMenu.js": {"path":"/Users/berloonybaboony/Downloads/CS4218/cs4218-2520-ecom-project-cs4218-2520-team26/client/src/components/UserMenu.js","statementMap":{"0":{"start":{"line":3,"column":17},"end":{"line":25,"column":1}},"1":{"start":{"line":4,"column":2},"end":{"line":24,"column":4}}},"fnMap":{"0":{"name":"(anonymous_0)","decl":{"start":{"line":3,"column":17},"end":{"line":3,"column":18}},"loc":{"start":{"line":3,"column":23},"end":{"line":25,"column":1}},"line":3}},"branchMap":{},"s":{"0":0,"1":0},"f":{"0":0},"b":{}}
,"/Users/berloonybaboony/Downloads/CS4218/cs4218-2520-ecom-project-cs4218-2520-team26/client/src/components/Form/CategoryForm.js": {"path":"/Users/berloonybaboony/Downloads/CS4218/cs4218-2520-ecom-project-cs4218-2520-team26/client/src/components/Form/CategoryForm.js","statementMap":{"0":{"start":{"line":3,"column":21},"end":{"line":23,"column":1}},"1":{"start":{"line":4,"column":2},"end":{"line":22,"column":4}},"2":{"start":{"line":13,"column":29},"end":{"line":13,"column":53}}},"fnMap":{"0":{"name":"(anonymous_0)","decl":{"start":{"line":3,"column":21},"end":{"line":3,"column":22}},"loc":{"start":{"line":3,"column":60},"end":{"line":23,"column":1}},"line":3},"1":{"name":"(anonymous_1)","decl":{"start":{"line":13,"column":22},"end":{"line":13,"column":23}},"loc":{"start":{"line":13,"column":29},"end":{"line":13,"column":53}},"line":13}},"branchMap":{},"s":{"0":0,"1":0,"2":0},"f":{"0":0,"1":0},"b":{}}
,"/Users/berloonybaboony/Downloads/CS4218/cs4218-2520-ecom-project-cs4218-2520-team26/client/src/components/Form/CategoryForm.test.js": {"path":"/Users/berloonybaboony/Downloads/CS4218/cs4218-2520-ecom-project-cs4218-2520-team26/client/src/components/Form/CategoryForm.test.js","statementMap":{"0":{"start":{"line":7,"column":0},"end":{"line":48,"column":3}},"1":{"start":{"line":9,"column":4},"end":{"line":13,"column":7}},"2":{"start":{"line":10,"column":8},"end":{"line":10,"column":88}},"3":{"start":{"line":11,"column":8},"end":{"line":11,"column":86}},"4":{"start":{"line":12,"column":8},"end":{"line":12,"column":63}},"5":{"start":{"line":15,"column":4},"end":{"line":18,"column":7}},"6":{"start":{"line":16,"column":8},"end":{"line":16,"column":99}},"7":{"start":{"line":17,"column":8},"end":{"line":17,"column":76}},"8":{"start":{"line":20,"column":4},"end":{"line":27,"column":7}},"9":{"start":{"line":21,"column":25},"end":{"line":21,"column":34}},"10":{"start":{"line":22,"column":8},"end":{"line":22,"column":87}},"11":{"start":{"line":23,"column":8},"end":{"line":25,"column":11}},"12":{"start":{"line":26,"column":8},"end":{"line":26,"column":55}},"13":{"start":{"line":29,"column":4},"end":{"line":34,"column":7}},"14":{"start":{"line":30,"column":29},"end":{"line":30,"column":63}},"15":{"start":{"line":30,"column":44},"end":{"line":30,"column":62}},"16":{"start":{"line":31,"column":8},"end":{"line":31,"column":96}},"17":{"start":{"line":32,"column":8},"end":{"line":32,"column":74}},"18":{"start":{"line":33,"column":8},"end":{"line":33,"column":48}},"19":{"start":{"line":36,"column":4},"end":{"line":41,"column":7}},"20":{"start":{"line":37,"column":29},"end":{"line":37,"column":63}},"21":{"start":{"line":37,"column":44},"end":{"line":37,"column":62}},"22":{"start":{"line":38,"column":8},"end":{"line":38,"column":96}},"23":{"start":{"line":39,"column":8},"end":{"line":39,"column":52}},"24":{"start":{"line":40,"column":8},"end":{"line":40,"column":48}},"25":{"start":{"line":43,"column":4},"end":{"line":46,"column":7}},"26":{"start":{"line":44,"column":8},"end":{"line":44,"column":88}},"27":{"start":{"line":45,"column":8},"end":{"line":45,"column":81}}},"fnMap":{"0":{"name":"(anonymous_0)","decl":{"start":{"line":7,"column":25},"end":{"line":7,"column":26}},"loc":{"start":{"line":7,"column":31},"end":{"line":48,"column":1}},"line":7},"1":{"name":"(anonymous_1)","decl":{"start":{"line":9,"column":50},"end":{"line":9,"column":51}},"loc":{"start":{"line":9,"column":56},"end":{"line":13,"column":5}},"line":9},"2":{"name":"(anonymous_2)","decl":{"start":{"line":15,"column":48},"end":{"line":15,"column":49}},"loc":{"start":{"line":15,"column":54},"end":{"line":18,"column":5}},"line":15},"3":{"name":"(anonymous_3)","decl":{"start":{"line":20,"column":52},"end":{"line":20,"column":53}},"loc":{"start":{"line":20,"column":58},"end":{"line":27,"column":5}},"line":20},"4":{"name":"(anonymous_4)","decl":{"start":{"line":29,"column":54},"end":{"line":29,"column":55}},"loc":{"start":{"line":29,"column":60},"end":{"line":34,"column":5}},"line":29},"5":{"name":"(anonymous_5)","decl":{"start":{"line":30,"column":37},"end":{"line":30,"column":38}},"loc":{"start":{"line":30,"column":44},"end":{"line":30,"column":62}},"line":30},"6":{"name":"(anonymous_6)","decl":{"start":{"line":36,"column":61},"end":{"line":36,"column":62}},"loc":{"start":{"line":36,"column":67},"end":{"line":41,"column":5}},"line":36},"7":{"name":"(anonymous_7)","decl":{"start":{"line":37,"column":37},"end":{"line":37,"column":38}},"loc":{"start":{"line":37,"column":44},"end":{"line":37,"column":62}},"line":37},"8":{"name":"(anonymous_8)","decl":{"start":{"line":43,"column":59},"end":{"line":43,"column":60}},"loc":{"start":{"line":43,"column":65},"end":{"line":46,"column":5}},"line":43}},"branchMap":{},"s":{"0":0,"1":0,"2":0,"3":0,"4":0,"5":0,"6":0,"7":0,"8":0,"9":0,"10":0,"11":0,"12":0,"13":0,"14":0,"15":0,"16":0,"17":0,"18":0,"19":0,"20":0,"21":0,"22":0,"23":0,"24":0,"25":0,"26":0,"27":0},"f":{"0":0,"1":0,"2":0,"3":0,"4":0,"5":0,"6":0,"7":0,"8":0},"b":{}}
,"/Users/berloonybaboony/Downloads/CS4218/cs4218-2520-ecom-project-cs4218-2520-team26/client/src/components/Form/SearchInput.js": {"path":"/Users/berloonybaboony/Downloads/CS4218/cs4218-2520-ecom-project-cs4218-2520-team26/client/src/components/Form/SearchInput.js","statementMap":{"0":{"start":{"line":5,"column":20},"end":{"line":38,"column":1}},"1":{"start":{"line":6,"column":30},"end":{"line":6,"column":41}},"2":{"start":{"line":7,"column":19},"end":{"line":7,"column":32}},"3":{"start":{"line":9,"column":23},"end":{"line":20,"column":3}},"4":{"start":{"line":10,"column":4},"end":{"line":10,"column":23}},"5":{"start":{"line":11,"column":4},"end":{"line":19,"column":5}},"6":{"start":{"line":12,"column":23},"end":{"line":14,"column":7}},"7":{"start":{"line":15,"column":6},"end":{"line":15,"column":46}},"8":{"start":{"line":16,"column":6},"end":{"line":16,"column":26}},"9":{"start":{"line":18,"column":6},"end":{"line":18,"column":25}},"10":{"start":{"line":21,"column":2},"end":{"line":37,"column":4}},"11":{"start":{"line":30,"column":27},"end":{"line":30,"column":76}}},"fnMap":{"0":{"name":"(anonymous_0)","decl":{"start":{"line":5,"column":20},"end":{"line":5,"column":21}},"loc":{"start":{"line":5,"column":26},"end":{"line":38,"column":1}},"line":5},"1":{"name":"(anonymous_1)","decl":{"start":{"line":9,"column":23},"end":{"line":9,"column":24}},"loc":{"start":{"line":9,"column":36},"end":{"line":20,"column":3}},"line":9},"2":{"name":"(anonymous_2)","decl":{"start":{"line":30,"column":20},"end":{"line":30,"column":21}},"loc":{"start":{"line":30,"column":27},"end":{"line":30,"column":76}},"line":30}},"branchMap":{},"s":{"0":0,"1":0,"2":0,"3":0,"4":0,"5":0,"6":0,"7":0,"8":0,"9":0,"10":0,"11":0},"f":{"0":0,"1":0,"2":0},"b":{}}
,"/Users/berloonybaboony/Downloads/CS4218/cs4218-2520-ecom-project-cs4218-2520-team26/client/src/components/Form/SearchInput.test.js": {"path":"/Users/berloonybaboony/Downloads/CS4218/cs4218-2520-ecom-project-cs4218-2520-team26/client/src/components/Form/SearchInput.test.js","statementMap":{"0":{"start":{"line":8,"column":0},"end":{"line":8,"column":19}},"1":{"start":{"line":9,"column":0},"end":{"line":12,"column":4}},"2":{"start":{"line":9,"column":37},"end":{"line":12,"column":1}},"3":{"start":{"line":11,"column":23},"end":{"line":11,"column":32}},"4":{"start":{"line":14,"column":24},"end":{"line":22,"column":1}},"5":{"start":{"line":15,"column":4},"end":{"line":21,"column":6}},"6":{"start":{"line":25,"column":0},"end":{"line":139,"column":3}},"7":{"start":{"line":28,"column":4},"end":{"line":32,"column":7}},"8":{"start":{"line":29,"column":8},"end":{"line":29,"column":29}},"9":{"start":{"line":30,"column":8},"end":{"line":30,"column":33}},"10":{"start":{"line":31,"column":8},"end":{"line":31,"column":93}},"11":{"start":{"line":34,"column":4},"end":{"line":67,"column":7}},"12":{"start":{"line":35,"column":8},"end":{"line":44,"column":11}},"13":{"start":{"line":40,"column":12},"end":{"line":40,"column":30}},"14":{"start":{"line":43,"column":12},"end":{"line":43,"column":78}},"15":{"start":{"line":46,"column":8},"end":{"line":55,"column":11}},"16":{"start":{"line":51,"column":12},"end":{"line":51,"column":30}},"17":{"start":{"line":54,"column":12},"end":{"line":54,"column":88}},"18":{"start":{"line":57,"column":8},"end":{"line":66,"column":11}},"19":{"start":{"line":62,"column":12},"end":{"line":62,"column":30}},"20":{"start":{"line":65,"column":12},"end":{"line":65,"column":73}},"21":{"start":{"line":69,"column":4},"end":{"line":81,"column":7}},"22":{"start":{"line":70,"column":8},"end":{"line":80,"column":11}},"23":{"start":{"line":72,"column":12},"end":{"line":72,"column":30}},"24":{"start":{"line":73,"column":26},"end":{"line":73,"column":63}},"25":{"start":{"line":76,"column":12},"end":{"line":76,"column":69}},"26":{"start":{"line":79,"column":12},"end":{"line":79,"column":47}},"27":{"start":{"line":83,"column":4},"end":{"line":138,"column":7}},"28":{"start":{"line":84,"column":8},"end":{"line":100,"column":11}},"29":{"start":{"line":86,"column":12},"end":{"line":86,"column":84}},"30":{"start":{"line":87,"column":12},"end":{"line":87,"column":30}},"31":{"start":{"line":88,"column":26},"end":{"line":88,"column":63}},"32":{"start":{"line":89,"column":27},"end":{"line":89,"column":74}},"33":{"start":{"line":92,"column":12},"end":{"line":92,"column":69}},"34":{"start":{"line":93,"column":12},"end":{"line":93,"column":36}},"35":{"start":{"line":96,"column":12},"end":{"line":99,"column":15}},"36":{"start":{"line":97,"column":16},"end":{"line":97,"column":88}},"37":{"start":{"line":98,"column":16},"end":{"line":98,"column":69}},"38":{"start":{"line":102,"column":8},"end":{"line":115,"column":11}},"39":{"start":{"line":104,"column":12},"end":{"line":104,"column":58}},"40":{"start":{"line":105,"column":12},"end":{"line":105,"column":30}},"41":{"start":{"line":106,"column":27},"end":{"line":106,"column":74}},"42":{"start":{"line":109,"column":12},"end":{"line":109,"column":36}},"43":{"start":{"line":112,"column":12},"end":{"line":114,"column":15}},"44":{"start":{"line":113,"column":16},"end":{"line":113,"column":82}},"45":{"start":{"line":117,"column":8},"end":{"line":137,"column":11}},"46":{"start":{"line":119,"column":30},"end":{"line":119,"column":56}},"47":{"start":{"line":120,"column":12},"end":{"line":120,"column":55}},"48":{"start":{"line":121,"column":12},"end":{"line":121,"column":68}},"49":{"start":{"line":122,"column":12},"end":{"line":122,"column":30}},"50":{"start":{"line":123,"column":26},"end":{"line":123,"column":63}},"51":{"start":{"line":124,"column":27},"end":{"line":124,"column":74}},"52":{"start":{"line":127,"column":12},"end":{"line":127,"column":69}},"53":{"start":{"line":128,"column":12},"end":{"line":128,"column":36}},"54":{"start":{"line":131,"column":12},"end":{"line":134,"column":15}},"55":{"start":{"line":132,"column":16},"end":{"line":132,"column":68}},"56":{"start":{"line":133,"column":16},"end":{"line":133,"column":60}},"57":{"start":{"line":136,"column":12},"end":{"line":136,"column":38}}},"fnMap":{"0":{"name":"(anonymous_0)","decl":{"start":{"line":9,"column":30},"end":{"line":9,"column":31}},"loc":{"start":{"line":9,"column":37},"end":{"line":12,"column":1}},"line":9},"1":{"name":"(anonymous_1)","decl":{"start":{"line":11,"column":17},"end":{"line":11,"column":18}},"loc":{"start":{"line":11,"column":23},"end":{"line":11,"column":32}},"line":11},"2":{"name":"(anonymous_2)","decl":{"start":{"line":14,"column":24},"end":{"line":14,"column":25}},"loc":{"start":{"line":14,"column":30},"end":{"line":22,"column":1}},"line":14},"3":{"name":"(anonymous_3)","decl":{"start":{"line":25,"column":34},"end":{"line":25,"column":35}},"loc":{"start":{"line":25,"column":40},"end":{"line":139,"column":1}},"line":25},"4":{"name":"(anonymous_4)","decl":{"start":{"line":28,"column":15},"end":{"line":28,"column":16}},"loc":{"start":{"line":28,"column":21},"end":{"line":32,"column":5}},"line":28},"5":{"name":"(anonymous_5)","decl":{"start":{"line":34,"column":31},"end":{"line":34,"column":32}},"loc":{"start":{"line":34,"column":37},"end":{"line":67,"column":5}},"line":34},"6":{"name":"(anonymous_6)","decl":{"start":{"line":35,"column":47},"end":{"line":35,"column":48}},"loc":{"start":{"line":35,"column":53},"end":{"line":44,"column":9}},"line":35},"7":{"name":"(anonymous_7)","decl":{"start":{"line":46,"column":42},"end":{"line":46,"column":43}},"loc":{"start":{"line":46,"column":48},"end":{"line":55,"column":9}},"line":46},"8":{"name":"(anonymous_8)","decl":{"start":{"line":57,"column":61},"end":{"line":57,"column":62}},"loc":{"start":{"line":57,"column":67},"end":{"line":66,"column":9}},"line":57},"9":{"name":"(anonymous_9)","decl":{"start":{"line":69,"column":33},"end":{"line":69,"column":34}},"loc":{"start":{"line":69,"column":39},"end":{"line":81,"column":5}},"line":69},"10":{"name":"(anonymous_10)","decl":{"start":{"line":70,"column":58},"end":{"line":70,"column":59}},"loc":{"start":{"line":70,"column":64},"end":{"line":80,"column":9}},"line":70},"11":{"name":"(anonymous_11)","decl":{"start":{"line":83,"column":32},"end":{"line":83,"column":33}},"loc":{"start":{"line":83,"column":38},"end":{"line":138,"column":5}},"line":83},"12":{"name":"(anonymous_12)","decl":{"start":{"line":84,"column":98},"end":{"line":84,"column":99}},"loc":{"start":{"line":84,"column":110},"end":{"line":100,"column":9}},"line":84},"13":{"name":"(anonymous_13)","decl":{"start":{"line":96,"column":26},"end":{"line":96,"column":27}},"loc":{"start":{"line":96,"column":32},"end":{"line":99,"column":13}},"line":96},"14":{"name":"(anonymous_14)","decl":{"start":{"line":102,"column":92},"end":{"line":102,"column":93}},"loc":{"start":{"line":102,"column":104},"end":{"line":115,"column":9}},"line":102},"15":{"name":"(anonymous_15)","decl":{"start":{"line":112,"column":26},"end":{"line":112,"column":27}},"loc":{"start":{"line":112,"column":32},"end":{"line":114,"column":13}},"line":112},"16":{"name":"(anonymous_16)","decl":{"start":{"line":117,"column":65},"end":{"line":117,"column":66}},"loc":{"start":{"line":117,"column":77},"end":{"line":137,"column":9}},"line":117},"17":{"name":"(anonymous_17)","decl":{"start":{"line":121,"column":58},"end":{"line":121,"column":59}},"loc":{"start":{"line":121,"column":64},"end":{"line":121,"column":66}},"line":121},"18":{"name":"(anonymous_18)","decl":{"start":{"line":131,"column":26},"end":{"line":131,"column":27}},"loc":{"start":{"line":131,"column":32},"end":{"line":134,"column":13}},"line":131}},"branchMap":{},"s":{"0":0,"1":0,"2":0,"3":0,"4":0,"5":0,"6":0,"7":0,"8":0,"9":0,"10":0,"11":0,"12":0,"13":0,"14":0,"15":0,"16":0,"17":0,"18":0,"19":0,"20":0,"21":0,"22":0,"23":0,"24":0,"25":0,"26":0,"27":0,"28":0,"29":0,"30":0,"31":0,"32":0,"33":0,"34":0,"35":0,"36":0,"37":0,"38":0,"39":0,"40":0,"41":0,"42":0,"43":0,"44":0,"45":0,"46":0,"47":0,"48":0,"49":0,"50":0,"51":0,"52":0,"53":0,"54":0,"55":0,"56":0,"57":0},"f":{"0":0,"1":0,"2":0,"3":0,"4":0,"5":0,"6":0,"7":0,"8":0,"9":0,"10":0,"11":0,"12":0,"13":0,"14":0,"15":0,"16":0,"17":0,"18":0},"b":{}}
,"/Users/berloonybaboony/Downloads/CS4218/cs4218-2520-ecom-project-cs4218-2520-team26/client/src/components/Routes/AdminRoute.js": {"path":"/Users/berloonybaboony/Downloads/CS4218/cs4218-2520-ecom-project-cs4218-2520-team26/client/src/components/Routes/AdminRoute.js","statementMap":{"0":{"start":{"line":9,"column":23},"end":{"line":9,"column":38}},"1":{"start":{"line":10,"column":27},"end":{"line":10,"column":36}},"2":{"start":{"line":12,"column":4},"end":{"line":22,"column":22}},"3":{"start":{"line":13,"column":26},"end":{"line":20,"column":9}},"4":{"start":{"line":14,"column":24},"end":{"line":14,"column":66}},"5":{"start":{"line":15,"column":12},"end":{"line":19,"column":13}},"6":{"start":{"line":16,"column":16},"end":{"line":16,"column":28}},"7":{"start":{"line":18,"column":16},"end":{"line":18,"column":29}},"8":{"start":{"line":21,"column":8},"end":{"line":21,"column":37}},"9":{"start":{"line":21,"column":25},"end":{"line":21,"column":37}},"10":{"start":{"line":24,"column":4},"end":{"line":24,"column":40}}},"fnMap":{"0":{"name":"AdminRoute","decl":{"start":{"line":8,"column":24},"end":{"line":8,"column":34}},"loc":{"start":{"line":8,"column":36},"end":{"line":25,"column":1}},"line":8},"1":{"name":"(anonymous_1)","decl":{"start":{"line":12,"column":14},"end":{"line":12,"column":15}},"loc":{"start":{"line":12,"column":19},"end":{"line":22,"column":5}},"line":12},"2":{"name":"(anonymous_2)","decl":{"start":{"line":13,"column":26},"end":{"line":13,"column":27}},"loc":{"start":{"line":13,"column":37},"end":{"line":20,"column":9}},"line":13}},"branchMap":{"0":{"loc":{"start":{"line":15,"column":12},"end":{"line":19,"column":13}},"type":"if","locations":[{"start":{"line":15,"column":12},"end":{"line":19,"column":13}},{"start":{"line":17,"column":19},"end":{"line":19,"column":13}}],"line":15},"1":{"loc":{"start":{"line":21,"column":8},"end":{"line":21,"column":37}},"type":"if","locations":[{"start":{"line":21,"column":8},"end":{"line":21,"column":37}},{"start":{},"end":{}}],"line":21},"2":{"loc":{"start":{"line":24,"column":11},"end":{"line":24,"column":39}},"type":"cond-expr","locations":[{"start":{"line":24,"column":16},"end":{"line":24,"column":26}},{"start":{"line":24,"column":29},"end":{"line":24,"column":39}}],"line":24}},"s":{"0":0,"1":0,"2":0,"3":0,"4":0,"5":0,"6":0,"7":0,"8":0,"9":0,"10":0},"f":{"0":0,"1":0,"2":0},"b":{"0":[0,0],"1":[0,0],"2":[0,0]}}
,"/Users/berloonybaboony/Downloads/CS4218/cs4218-2520-ecom-project-cs4218-2520-team26/client/src/components/Routes/Private.js": {"path":"/Users/berloonybaboony/Downloads/CS4218/cs4218-2520-ecom-project-cs4218-2520-team26/client/src/components/Routes/Private.js","statementMap":{"0":{"start":{"line":9,"column":23},"end":{"line":9,"column":38}},"1":{"start":{"line":10,"column":27},"end":{"line":10,"column":36}},"2":{"start":{"line":12,"column":4},"end":{"line":22,"column":22}},"3":{"start":{"line":13,"column":26},"end":{"line":20,"column":9}},"4":{"start":{"line":14,"column":24},"end":{"line":14,"column":65}},"5":{"start":{"line":15,"column":12},"end":{"line":19,"column":13}},"6":{"start":{"line":16,"column":16},"end":{"line":16,"column":28}},"7":{"start":{"line":18,"column":16},"end":{"line":18,"column":29}},"8":{"start":{"line":21,"column":8},"end":{"line":21,"column":37}},"9":{"start":{"line":21,"column":25},"end":{"line":21,"column":37}},"10":{"start":{"line":24,"column":4},"end":{"line":24,"column":48}}},"fnMap":{"0":{"name":"PrivateRoute","decl":{"start":{"line":8,"column":24},"end":{"line":8,"column":36}},"loc":{"start":{"line":8,"column":38},"end":{"line":25,"column":1}},"line":8},"1":{"name":"(anonymous_1)","decl":{"start":{"line":12,"column":14},"end":{"line":12,"column":15}},"loc":{"start":{"line":12,"column":19},"end":{"line":22,"column":5}},"line":12},"2":{"name":"(anonymous_2)","decl":{"start":{"line":13,"column":26},"end":{"line":13,"column":27}},"loc":{"start":{"line":13,"column":37},"end":{"line":20,"column":9}},"line":13}},"branchMap":{"0":{"loc":{"start":{"line":15,"column":12},"end":{"line":19,"column":13}},"type":"if","locations":[{"start":{"line":15,"column":12},"end":{"line":19,"column":13}},{"start":{"line":17,"column":19},"end":{"line":19,"column":13}}],"line":15},"1":{"loc":{"start":{"line":21,"column":8},"end":{"line":21,"column":37}},"type":"if","locations":[{"start":{"line":21,"column":8},"end":{"line":21,"column":37}},{"start":{},"end":{}}],"line":21},"2":{"loc":{"start":{"line":24,"column":11},"end":{"line":24,"column":47}},"type":"cond-expr","locations":[{"start":{"line":24,"column":16},"end":{"line":24,"column":26}},{"start":{"line":24,"column":29},"end":{"line":24,"column":47}}],"line":24}},"s":{"0":0,"1":0,"2":0,"3":0,"4":0,"5":0,"6":0,"7":0,"8":0,"9":0,"10":0},"f":{"0":0,"1":0,"2":0},"b":{"0":[0,0],"1":[0,0],"2":[0,0]}}
,"/Users/berloonybaboony/Downloads/CS4218/cs4218-2520-ecom-project-cs4218-2520-team26/client/src/context/auth.js": {"path":"/Users/berloonybaboony/Downloads/CS4218/cs4218-2520-ecom-project-cs4218-2520-team26/client/src/context/auth.js","statementMap":{"0":{"start":{"line":4,"column":20},"end":{"line":4,"column":35}},"1":{"start":{"line":6,"column":21},"end":{"line":36,"column":1}},"2":{"start":{"line":7,"column":28},"end":{"line":10,"column":6}},"3":{"start":{"line":13,"column":4},"end":{"line":13,"column":65}},"4":{"start":{"line":15,"column":4},"end":{"line":30,"column":11}},"5":{"start":{"line":16,"column":20},"end":{"line":16,"column":48}},"6":{"start":{"line":17,"column":7},"end":{"line":28,"column":8}},"7":{"start":{"line":18,"column":8},"end":{"line":27,"column":9}},"8":{"start":{"line":19,"column":30},"end":{"line":19,"column":46}},"9":{"start":{"line":20,"column":12},"end":{"line":24,"column":11}},"10":{"start":{"line":26,"column":12},"end":{"line":26,"column":81}},"11":{"start":{"line":31,"column":4},"end":{"line":35,"column":6}},"12":{"start":{"line":39,"column":16},"end":{"line":39,"column":45}},"13":{"start":{"line":39,"column":22},"end":{"line":39,"column":45}}},"fnMap":{"0":{"name":"(anonymous_0)","decl":{"start":{"line":6,"column":21},"end":{"line":6,"column":22}},"loc":{"start":{"line":6,"column":39},"end":{"line":36,"column":1}},"line":6},"1":{"name":"(anonymous_1)","decl":{"start":{"line":15,"column":14},"end":{"line":15,"column":15}},"loc":{"start":{"line":15,"column":20},"end":{"line":30,"column":5}},"line":15},"2":{"name":"(anonymous_2)","decl":{"start":{"line":39,"column":16},"end":{"line":39,"column":17}},"loc":{"start":{"line":39,"column":22},"end":{"line":39,"column":45}},"line":39}},"branchMap":{"0":{"loc":{"start":{"line":17,"column":7},"end":{"line":28,"column":8}},"type":"if","locations":[{"start":{"line":17,"column":7},"end":{"line":28,"column":8}},{"start":{},"end":{}}],"line":17}},"s":{"0":0,"1":0,"2":0,"3":0,"4":0,"5":0,"6":0,"7":0,"8":0,"9":0,"10":0,"11":0,"12":0,"13":0},"f":{"0":0,"1":0,"2":0},"b":{"0":[0,0]}}
,"/Users/berloonybaboony/Downloads/CS4218/cs4218-2520-ecom-project-cs4218-2520-team26/client/src/context/auth.test.js": {"path":"/Users/berloonybaboony/Downloads/CS4218/cs4218-2520-ecom-project-cs4218-2520-team26/client/src/context/auth.test.js","statementMap":{"0":{"start":{"line":6,"column":0},"end":{"line":6,"column":19}},"1":{"start":{"line":9,"column":17},"end":{"line":17,"column":1}},"2":{"start":{"line":18,"column":18},"end":{"line":18,"column":30}},"3":{"start":{"line":22,"column":4},"end":{"line":22,"column":51}},"4":{"start":{"line":26,"column":18},"end":{"line":26,"column":20}},"5":{"start":{"line":27,"column":4},"end":{"line":41,"column":7}},"6":{"start":{"line":29,"column":38},"end":{"line":29,"column":58}},"7":{"start":{"line":31,"column":16},"end":{"line":31,"column":48}},"8":{"start":{"line":34,"column":16},"end":{"line":34,"column":36}},"9":{"start":{"line":37,"column":16},"end":{"line":37,"column":29}},"10":{"start":{"line":45,"column":4},"end":{"line":48,"column":8}},"11":{"start":{"line":52,"column":0},"end":{"line":127,"column":3}},"12":{"start":{"line":53,"column":4},"end":{"line":57,"column":7}},"13":{"start":{"line":54,"column":8},"end":{"line":54,"column":27}},"14":{"start":{"line":55,"column":8},"end":{"line":55,"column":29}},"15":{"start":{"line":56,"column":8},"end":{"line":56,"column":53}},"16":{"start":{"line":59,"column":4},"end":{"line":67,"column":7}},"17":{"start":{"line":61,"column":27},"end":{"line":61,"column":67}},"18":{"start":{"line":61,"column":44},"end":{"line":61,"column":53}},"19":{"start":{"line":64,"column":23},"end":{"line":64,"column":37}},"20":{"start":{"line":65,"column":8},"end":{"line":65,"column":37}},"21":{"start":{"line":66,"column":8},"end":{"line":66,"column":36}},"22":{"start":{"line":69,"column":4},"end":{"line":83,"column":7}},"23":{"start":{"line":71,"column":8},"end":{"line":71,"column":41}},"24":{"start":{"line":74,"column":27},"end":{"line":74,"column":67}},"25":{"start":{"line":74,"column":44},"end":{"line":74,"column":53}},"26":{"start":{"line":77,"column":8},"end":{"line":82,"column":11}},"27":{"start":{"line":78,"column":27},"end":{"line":78,"column":41}},"28":{"start":{"line":79,"column":12},"end":{"line":79,"column":70}},"29":{"start":{"line":80,"column":12},"end":{"line":80,"column":48}},"30":{"start":{"line":81,"column":12},"end":{"line":81,"column":47}},"31":{"start":{"line":85,"column":4},"end":{"line":96,"column":7}},"32":{"start":{"line":87,"column":8},"end":{"line":87,"column":53}},"33":{"start":{"line":88,"column":32},"end":{"line":88,"column":89}},"34":{"start":{"line":91,"column":8},"end":{"line":91,"column":49}},"35":{"start":{"line":91,"column":25},"end":{"line":91,"column":34}},"36":{"start":{"line":94,"column":8},"end":{"line":94,"column":126}},"37":{"start":{"line":95,"column":8},"end":{"line":95,"column":38}},"38":{"start":{"line":98,"column":4},"end":{"line":113,"column":7}},"39":{"start":{"line":100,"column":27},"end":{"line":100,"column":67}},"40":{"start":{"line":100,"column":44},"end":{"line":100,"column":53}},"41":{"start":{"line":101,"column":8},"end":{"line":107,"column":11}},"42":{"start":{"line":102,"column":32},"end":{"line":102,"column":46}},"43":{"start":{"line":103,"column":12},"end":{"line":106,"column":15}},"44":{"start":{"line":110,"column":23},"end":{"line":110,"column":37}},"45":{"start":{"line":111,"column":8},"end":{"line":111,"column":44}},"46":{"start":{"line":112,"column":8},"end":{"line":112,"column":43}},"47":{"start":{"line":115,"column":4},"end":{"line":126,"column":7}},"48":{"start":{"line":117,"column":8},"end":{"line":117,"column":41}},"49":{"start":{"line":120,"column":8},"end":{"line":120,"column":49}},"50":{"start":{"line":120,"column":25},"end":{"line":120,"column":34}},"51":{"start":{"line":123,"column":8},"end":{"line":125,"column":11}},"52":{"start":{"line":124,"column":12},"end":{"line":124,"column":88}}},"fnMap":{"0":{"name":"wrapper","decl":{"start":{"line":21,"column":9},"end":{"line":21,"column":16}},"loc":{"start":{"line":21,"column":31},"end":{"line":23,"column":1}},"line":21},"1":{"name":"mockLocalStorage","decl":{"start":{"line":25,"column":9},"end":{"line":25,"column":25}},"loc":{"start":{"line":25,"column":28},"end":{"line":42,"column":1}},"line":25},"2":{"name":"(anonymous_2)","decl":{"start":{"line":29,"column":29},"end":{"line":29,"column":30}},"loc":{"start":{"line":29,"column":38},"end":{"line":29,"column":58}},"line":29},"3":{"name":"(anonymous_3)","decl":{"start":{"line":30,"column":29},"end":{"line":30,"column":30}},"loc":{"start":{"line":30,"column":45},"end":{"line":32,"column":13}},"line":30},"4":{"name":"(anonymous_4)","decl":{"start":{"line":33,"column":32},"end":{"line":33,"column":33}},"loc":{"start":{"line":33,"column":41},"end":{"line":35,"column":13}},"line":33},"5":{"name":"(anonymous_5)","decl":{"start":{"line":36,"column":27},"end":{"line":36,"column":28}},"loc":{"start":{"line":36,"column":33},"end":{"line":38,"column":13}},"line":36},"6":{"name":"setAuthData","decl":{"start":{"line":44,"column":9},"end":{"line":44,"column":20}},"loc":{"start":{"line":44,"column":34},"end":{"line":49,"column":1}},"line":44},"7":{"name":"(anonymous_7)","decl":{"start":{"line":52,"column":31},"end":{"line":52,"column":32}},"loc":{"start":{"line":52,"column":37},"end":{"line":127,"column":1}},"line":52},"8":{"name":"(anonymous_8)","decl":{"start":{"line":53,"column":15},"end":{"line":53,"column":16}},"loc":{"start":{"line":53,"column":21},"end":{"line":57,"column":5}},"line":53},"9":{"name":"(anonymous_9)","decl":{"start":{"line":59,"column":41},"end":{"line":59,"column":42}},"loc":{"start":{"line":59,"column":47},"end":{"line":67,"column":5}},"line":59},"10":{"name":"(anonymous_10)","decl":{"start":{"line":61,"column":38},"end":{"line":61,"column":39}},"loc":{"start":{"line":61,"column":44},"end":{"line":61,"column":53}},"line":61},"11":{"name":"(anonymous_11)","decl":{"start":{"line":69,"column":48},"end":{"line":69,"column":49}},"loc":{"start":{"line":69,"column":60},"end":{"line":83,"column":5}},"line":69},"12":{"name":"(anonymous_12)","decl":{"start":{"line":74,"column":38},"end":{"line":74,"column":39}},"loc":{"start":{"line":74,"column":44},"end":{"line":74,"column":53}},"line":74},"13":{"name":"(anonymous_13)","decl":{"start":{"line":77,"column":22},"end":{"line":77,"column":23}},"loc":{"start":{"line":77,"column":28},"end":{"line":82,"column":9}},"line":77},"14":{"name":"(anonymous_14)","decl":{"start":{"line":85,"column":56},"end":{"line":85,"column":57}},"loc":{"start":{"line":85,"column":62},"end":{"line":96,"column":5}},"line":85},"15":{"name":"(anonymous_15)","decl":{"start":{"line":88,"column":80},"end":{"line":88,"column":81}},"loc":{"start":{"line":88,"column":86},"end":{"line":88,"column":88}},"line":88},"16":{"name":"(anonymous_16)","decl":{"start":{"line":91,"column":19},"end":{"line":91,"column":20}},"loc":{"start":{"line":91,"column":25},"end":{"line":91,"column":34}},"line":91},"17":{"name":"(anonymous_17)","decl":{"start":{"line":98,"column":52},"end":{"line":98,"column":53}},"loc":{"start":{"line":98,"column":58},"end":{"line":113,"column":5}},"line":98},"18":{"name":"(anonymous_18)","decl":{"start":{"line":100,"column":38},"end":{"line":100,"column":39}},"loc":{"start":{"line":100,"column":44},"end":{"line":100,"column":53}},"line":100},"19":{"name":"(anonymous_19)","decl":{"start":{"line":101,"column":12},"end":{"line":101,"column":13}},"loc":{"start":{"line":101,"column":18},"end":{"line":107,"column":9}},"line":101},"20":{"name":"(anonymous_20)","decl":{"start":{"line":115,"column":53},"end":{"line":115,"column":54}},"loc":{"start":{"line":115,"column":65},"end":{"line":126,"column":5}},"line":115},"21":{"name":"(anonymous_21)","decl":{"start":{"line":120,"column":19},"end":{"line":120,"column":20}},"loc":{"start":{"line":120,"column":25},"end":{"line":120,"column":34}},"line":120},"22":{"name":"(anonymous_22)","decl":{"start":{"line":123,"column":22},"end":{"line":123,"column":23}},"loc":{"start":{"line":123,"column":28},"end":{"line":125,"column":9}},"line":123}},"branchMap":{"0":{"loc":{"start":{"line":29,"column":38},"end":{"line":29,"column":58}},"type":"binary-expr","locations":[{"start":{"line":29,"column":38},"end":{"line":29,"column":50}},{"start":{"line":29,"column":54},"end":{"line":29,"column":58}}],"line":29}},"s":{"0":0,"1":0,"2":0,"3":0,"4":0,"5":0,"6":0,"7":0,"8":0,"9":0,"10":0,"11":0,"12":0,"13":0,"14":0,"15":0,"16":0,"17":0,"18":0,"19":0,"20":0,"21":0,"22":0,"23":0,"24":0,"25":0,"26":0,"27":0,"28":0,"29":0,"30":0,"31":0,"32":0,"33":0,"34":0,"35":0,"36":0,"37":0,"38":0,"39":0,"40":0,"41":0,"42":0,"43":0,"44":0,"45":0,"46":0,"47":0,"48":0,"49":0,"50":0,"51":0,"52":0},"f":{"0":0,"1":0,"2":0,"3":0,"4":0,"5":0,"6":0,"7":0,"8":0,"9":0,"10":0,"11":0,"12":0,"13":0,"14":0,"15":0,"16":0,"17":0,"18":0,"19":0,"20":0,"21":0,"22":0},"b":{"0":[0,0]}}
,"/Users/berloonybaboony/Downloads/CS4218/cs4218-2520-ecom-project-cs4218-2520-team26/client/src/context/cart.js": {"path":"/Users/berloonybaboony/Downloads/CS4218/cs4218-2520-ecom-project-cs4218-2520-team26/client/src/context/cart.js","statementMap":{"0":{"start":{"line":8,"column":20},"end":{"line":8,"column":35}},"1":{"start":{"line":9,"column":21},"end":{"line":22,"column":1}},"2":{"start":{"line":10,"column":26},"end":{"line":10,"column":38}},"3":{"start":{"line":12,"column":2},"end":{"line":15,"column":9}},"4":{"start":{"line":13,"column":27},"end":{"line":13,"column":55}},"5":{"start":{"line":14,"column":4},"end":{"line":14,"column":64}},"6":{"start":{"line":14,"column":26},"end":{"line":14,"column":64}},"7":{"start":{"line":17,"column":2},"end":{"line":21,"column":4}},"8":{"start":{"line":25,"column":16},"end":{"line":25,"column":45}},"9":{"start":{"line":25,"column":22},"end":{"line":25,"column":45}}},"fnMap":{"0":{"name":"(anonymous_0)","decl":{"start":{"line":9,"column":21},"end":{"line":9,"column":22}},"loc":{"start":{"line":9,"column":39},"end":{"line":22,"column":1}},"line":9},"1":{"name":"(anonymous_1)","decl":{"start":{"line":12,"column":12},"end":{"line":12,"column":13}},"loc":{"start":{"line":12,"column":18},"end":{"line":15,"column":3}},"line":12},"2":{"name":"(anonymous_2)","decl":{"start":{"line":25,"column":16},"end":{"line":25,"column":17}},"loc":{"start":{"line":25,"column":22},"end":{"line":25,"column":45}},"line":25}},"branchMap":{"0":{"loc":{"start":{"line":14,"column":4},"end":{"line":14,"column":64}},"type":"if","locations":[{"start":{"line":14,"column":4},"end":{"line":14,"column":64}},{"start":{},"end":{}}],"line":14}},"s":{"0":0,"1":0,"2":0,"3":0,"4":0,"5":0,"6":0,"7":0,"8":0,"9":0},"f":{"0":0,"1":0,"2":0},"b":{"0":[0,0]}}
,"/Users/berloonybaboony/Downloads/CS4218/cs4218-2520-ecom-project-cs4218-2520-team26/client/src/context/cart.test.js": {"path":"/Users/berloonybaboony/Downloads/CS4218/cs4218-2520-ecom-project-cs4218-2520-team26/client/src/context/cart.test.js","statementMap":{"0":{"start":{"line":7,"column":25},"end":{"line":21,"column":4}},"1":{"start":{"line":8,"column":14},"end":{"line":8,"column":16}},"2":{"start":{"line":9,"column":2},"end":{"line":20,"column":4}},"3":{"start":{"line":10,"column":31},"end":{"line":10,"column":63}},"4":{"start":{"line":12,"column":6},"end":{"line":12,"column":33}},"5":{"start":{"line":15,"column":6},"end":{"line":15,"column":24}},"6":{"start":{"line":18,"column":6},"end":{"line":18,"column":17}},"7":{"start":{"line":23,"column":0},"end":{"line":26,"column":3}},"8":{"start":{"line":28,"column":34},"end":{"line":42,"column":1}},"9":{"start":{"line":29,"column":26},"end":{"line":29,"column":35}},"10":{"start":{"line":31,"column":24},"end":{"line":33,"column":3}},"11":{"start":{"line":32,"column":4},"end":{"line":32,"column":44}},"12":{"start":{"line":35,"column":2},"end":{"line":41,"column":4}},"13":{"start":{"line":44,"column":0},"end":{"line":107,"column":3}},"14":{"start":{"line":45,"column":2},"end":{"line":48,"column":5}},"15":{"start":{"line":46,"column":4},"end":{"line":46,"column":29}},"16":{"start":{"line":47,"column":4},"end":{"line":47,"column":25}},"17":{"start":{"line":50,"column":2},"end":{"line":65,"column":5}},"18":{"start":{"line":52,"column":4},"end":{"line":52,"column":55}},"19":{"start":{"line":55,"column":4},"end":{"line":59,"column":6}},"20":{"start":{"line":62,"column":4},"end":{"line":62,"column":66}},"21":{"start":{"line":63,"column":4},"end":{"line":63,"column":68}},"22":{"start":{"line":64,"column":4},"end":{"line":64,"column":67}},"23":{"start":{"line":67,"column":2},"end":{"line":85,"column":5}},"24":{"start":{"line":69,"column":23},"end":{"line":69,"column":55}},"25":{"start":{"line":70,"column":4},"end":{"line":70,"column":77}},"26":{"start":{"line":73,"column":4},"end":{"line":77,"column":6}},"27":{"start":{"line":80,"column":4},"end":{"line":80,"column":66}},"28":{"start":{"line":81,"column":4},"end":{"line":81,"column":68}},"29":{"start":{"line":82,"column":4},"end":{"line":84,"column":6}},"30":{"start":{"line":87,"column":2},"end":{"line":106,"column":5}},"31":{"start":{"line":89,"column":4},"end":{"line":89,"column":55}},"32":{"start":{"line":92,"column":4},"end":{"line":96,"column":6}},"33":{"start":{"line":98,"column":19},"end":{"line":98,"column":47}},"34":{"start":{"line":99,"column":4},"end":{"line":99,"column":28}},"35":{"start":{"line":102,"column":4},"end":{"line":102,"column":68}},"36":{"start":{"line":103,"column":4},"end":{"line":105,"column":6}}},"fnMap":{"0":{"name":"(anonymous_0)","decl":{"start":{"line":7,"column":26},"end":{"line":7,"column":27}},"loc":{"start":{"line":7,"column":32},"end":{"line":21,"column":1}},"line":7},"1":{"name":"(anonymous_1)","decl":{"start":{"line":10,"column":21},"end":{"line":10,"column":22}},"loc":{"start":{"line":10,"column":31},"end":{"line":10,"column":63}},"line":10},"2":{"name":"(anonymous_2)","decl":{"start":{"line":11,"column":21},"end":{"line":11,"column":22}},"loc":{"start":{"line":11,"column":37},"end":{"line":13,"column":5}},"line":11},"3":{"name":"(anonymous_3)","decl":{"start":{"line":14,"column":24},"end":{"line":14,"column":25}},"loc":{"start":{"line":14,"column":33},"end":{"line":16,"column":5}},"line":14},"4":{"name":"(anonymous_4)","decl":{"start":{"line":17,"column":19},"end":{"line":17,"column":20}},"loc":{"start":{"line":17,"column":25},"end":{"line":19,"column":5}},"line":17},"5":{"name":"(anonymous_5)","decl":{"start":{"line":28,"column":34},"end":{"line":28,"column":35}},"loc":{"start":{"line":28,"column":40},"end":{"line":42,"column":1}},"line":28},"6":{"name":"(anonymous_6)","decl":{"start":{"line":31,"column":24},"end":{"line":31,"column":25}},"loc":{"start":{"line":31,"column":30},"end":{"line":33,"column":3}},"line":31},"7":{"name":"(anonymous_7)","decl":{"start":{"line":44,"column":39},"end":{"line":44,"column":40}},"loc":{"start":{"line":44,"column":45},"end":{"line":107,"column":1}},"line":44},"8":{"name":"(anonymous_8)","decl":{"start":{"line":45,"column":13},"end":{"line":45,"column":14}},"loc":{"start":{"line":45,"column":19},"end":{"line":48,"column":3}},"line":45},"9":{"name":"(anonymous_9)","decl":{"start":{"line":50,"column":74},"end":{"line":50,"column":75}},"loc":{"start":{"line":50,"column":80},"end":{"line":65,"column":3}},"line":50},"10":{"name":"(anonymous_10)","decl":{"start":{"line":67,"column":68},"end":{"line":67,"column":69}},"loc":{"start":{"line":67,"column":74},"end":{"line":85,"column":3}},"line":67},"11":{"name":"(anonymous_11)","decl":{"start":{"line":87,"column":58},"end":{"line":87,"column":59}},"loc":{"start":{"line":87,"column":64},"end":{"line":106,"column":3}},"line":87}},"branchMap":{"0":{"loc":{"start":{"line":10,"column":31},"end":{"line":10,"column":63}},"type":"cond-expr","locations":[{"start":{"line":10,"column":46},"end":{"line":10,"column":56}},{"start":{"line":10,"column":59},"end":{"line":10,"column":63}}],"line":10}},"s":{"0":0,"1":0,"2":0,"3":0,"4":0,"5":0,"6":0,"7":0,"8":0,"9":0,"10":0,"11":0,"12":0,"13":0,"14":0,"15":0,"16":0,"17":0,"18":0,"19":0,"20":0,"21":0,"22":0,"23":0,"24":0,"25":0,"26":0,"27":0,"28":0,"29":0,"30":0,"31":0,"32":0,"33":0,"34":0,"35":0,"36":0},"f":{"0":0,"1":0,"2":0,"3":0,"4":0,"5":0,"6":0,"7":0,"8":0,"9":0,"10":0,"11":0},"b":{"0":[0,0]}}
,"/Users/berloonybaboony/Downloads/CS4218/cs4218-2520-ecom-project-cs4218-2520-team26/client/src/context/search.js": {"path":"/Users/berloonybaboony/Downloads/CS4218/cs4218-2520-ecom-project-cs4218-2520-team26/client/src/context/search.js","statementMap":{"0":{"start":{"line":3,"column":22},"end":{"line":3,"column":37}},"1":{"start":{"line":4,"column":23},"end":{"line":15,"column":1}},"2":{"start":{"line":5,"column":30},"end":{"line":8,"column":4}},"3":{"start":{"line":10,"column":2},"end":{"line":14,"column":4}},"4":{"start":{"line":18,"column":18},"end":{"line":18,"column":49}},"5":{"start":{"line":18,"column":24},"end":{"line":18,"column":49}}},"fnMap":{"0":{"name":"(anonymous_0)","decl":{"start":{"line":4,"column":23},"end":{"line":4,"column":24}},"loc":{"start":{"line":4,"column":41},"end":{"line":15,"column":1}},"line":4},"1":{"name":"(anonymous_1)","decl":{"start":{"line":18,"column":18},"end":{"line":18,"column":19}},"loc":{"start":{"line":18,"column":24},"end":{"line":18,"column":49}},"line":18}},"branchMap":{},"s":{"0":0,"1":0,"2":0,"3":0,"4":0,"5":0},"f":{"0":0,"1":0},"b":{}}
,"/Users/berloonybaboony/Downloads/CS4218/cs4218-2520-ecom-project-cs4218-2520-team26/client/src/context/search.test.js": {"path":"/Users/berloonybaboony/Downloads/CS4218/cs4218-2520-ecom-project-cs4218-2520-team26/client/src/context/search.test.js","statementMap":{"0":{"start":{"line":5,"column":0},"end":{"line":36,"column":3}},"1":{"start":{"line":7,"column":4},"end":{"line":35,"column":7}},"2":{"start":{"line":8,"column":8},"end":{"line":20,"column":11}},"3":{"start":{"line":13,"column":31},"end":{"line":15,"column":14}},"4":{"start":{"line":13,"column":48},"end":{"line":13,"column":59}},"5":{"start":{"line":18,"column":29},"end":{"line":18,"column":43}},"6":{"start":{"line":19,"column":12},"end":{"line":19,"column":44}},"7":{"start":{"line":22,"column":8},"end":{"line":34,"column":11}},"8":{"start":{"line":27,"column":31},"end":{"line":29,"column":14}},"9":{"start":{"line":27,"column":48},"end":{"line":27,"column":59}},"10":{"start":{"line":32,"column":29},"end":{"line":32,"column":43}},"11":{"start":{"line":33,"column":12},"end":{"line":33,"column":47}}},"fnMap":{"0":{"name":"(anonymous_0)","decl":{"start":{"line":5,"column":26},"end":{"line":5,"column":27}},"loc":{"start":{"line":5,"column":32},"end":{"line":36,"column":1}},"line":5},"1":{"name":"(anonymous_1)","decl":{"start":{"line":7,"column":30},"end":{"line":7,"column":31}},"loc":{"start":{"line":7,"column":36},"end":{"line":35,"column":5}},"line":7},"2":{"name":"(anonymous_2)","decl":{"start":{"line":8,"column":51},"end":{"line":8,"column":52}},"loc":{"start":{"line":8,"column":57},"end":{"line":20,"column":9}},"line":8},"3":{"name":"(anonymous_3)","decl":{"start":{"line":13,"column":42},"end":{"line":13,"column":43}},"loc":{"start":{"line":13,"column":48},"end":{"line":13,"column":59}},"line":13},"4":{"name":"(anonymous_4)","decl":{"start":{"line":22,"column":57},"end":{"line":22,"column":58}},"loc":{"start":{"line":22,"column":63},"end":{"line":34,"column":9}},"line":22},"5":{"name":"(anonymous_5)","decl":{"start":{"line":27,"column":42},"end":{"line":27,"column":43}},"loc":{"start":{"line":27,"column":48},"end":{"line":27,"column":59}},"line":27}},"branchMap":{},"s":{"0":0,"1":0,"2":0,"3":0,"4":0,"5":0,"6":0,"7":0,"8":0,"9":0,"10":0,"11":0},"f":{"0":0,"1":0,"2":0,"3":0,"4":0,"5":0},"b":{}}
,"/Users/berloonybaboony/Downloads/CS4218/cs4218-2520-ecom-project-cs4218-2520-team26/client/src/pages/Auth/Login.js": {"path":"/Users/berloonybaboony/Downloads/CS4218/cs4218-2520-ecom-project-cs4218-2520-team26/client/src/pages/Auth/Login.js","statementMap":{"0":{"start":{"line":9,"column":14},"end":{"line":99,"column":1}},"1":{"start":{"line":10,"column":28},"end":{"line":10,"column":40}},"2":{"start":{"line":11,"column":34},"end":{"line":11,"column":46}},"3":{"start":{"line":12,"column":26},"end":{"line":12,"column":35}},"4":{"start":{"line":15,"column":19},"end":{"line":15,"column":32}},"5":{"start":{"line":16,"column":19},"end":{"line":16,"column":32}},"6":{"start":{"line":20,"column":23},"end":{"line":50,"column":3}},"7":{"start":{"line":21,"column":4},"end":{"line":21,"column":23}},"8":{"start":{"line":22,"column":4},"end":{"line":49,"column":5}},"9":{"start":{"line":23,"column":18},"end":{"line":26,"column":8}},"10":{"start":{"line":27,"column":6},"end":{"line":45,"column":7}},"11":{"start":{"line":28,"column":8},"end":{"line":35,"column":13}},"12":{"start":{"line":36,"column":8},"end":{"line":40,"column":11}},"13":{"start":{"line":41,"column":8},"end":{"line":41,"column":63}},"14":{"start":{"line":42,"column":8},"end":{"line":42,"column":40}},"15":{"start":{"line":44,"column":8},"end":{"line":44,"column":38}},"16":{"start":{"line":47,"column":6},"end":{"line":47,"column":25}},"17":{"start":{"line":48,"column":6},"end":{"line":48,"column":42}},"18":{"start":{"line":51,"column":2},"end":{"line":98,"column":4}},"19":{"start":{"line":62,"column":31},"end":{"line":62,"column":55}},"20":{"start":{"line":73,"column":31},"end":{"line":73,"column":58}},"21":{"start":{"line":85,"column":16},"end":{"line":85,"column":45}}},"fnMap":{"0":{"name":"(anonymous_0)","decl":{"start":{"line":9,"column":14},"end":{"line":9,"column":15}},"loc":{"start":{"line":9,"column":20},"end":{"line":99,"column":1}},"line":9},"1":{"name":"(anonymous_1)","decl":{"start":{"line":20,"column":23},"end":{"line":20,"column":24}},"loc":{"start":{"line":20,"column":36},"end":{"line":50,"column":3}},"line":20},"2":{"name":"(anonymous_2)","decl":{"start":{"line":62,"column":24},"end":{"line":62,"column":25}},"loc":{"start":{"line":62,"column":31},"end":{"line":62,"column":55}},"line":62},"3":{"name":"(anonymous_3)","decl":{"start":{"line":73,"column":24},"end":{"line":73,"column":25}},"loc":{"start":{"line":73,"column":31},"end":{"line":73,"column":58}},"line":73},"4":{"name":"(anonymous_4)","decl":{"start":{"line":84,"column":23},"end":{"line":84,"column":24}},"loc":{"start":{"line":84,"column":29},"end":{"line":86,"column":15}},"line":84}},"branchMap":{"0":{"loc":{"start":{"line":27,"column":6},"end":{"line":45,"column":7}},"type":"if","locations":[{"start":{"line":27,"column":6},"end":{"line":45,"column":7}},{"start":{"line":43,"column":13},"end":{"line":45,"column":7}}],"line":27},"1":{"loc":{"start":{"line":27,"column":10},"end":{"line":27,"column":33}},"type":"binary-expr","locations":[{"start":{"line":27,"column":10},"end":{"line":27,"column":13}},{"start":{"line":27,"column":17},"end":{"line":27,"column":33}}],"line":27},"2":{"loc":{"start":{"line":28,"column":22},"end":{"line":28,"column":50}},"type":"binary-expr","locations":[{"start":{"line":28,"column":22},"end":{"line":28,"column":30}},{"start":{"line":28,"column":34},"end":{"line":28,"column":50}}],"line":28},"3":{"loc":{"start":{"line":42,"column":17},"end":{"line":42,"column":38}},"type":"binary-expr","locations":[{"start":{"line":42,"column":17},"end":{"line":42,"column":31}},{"start":{"line":42,"column":35},"end":{"line":42,"column":38}}],"line":42}},"s":{"0":0,"1":0,"2":0,"3":0,"4":0,"5":0,"6":0,"7":0,"8":0,"9":0,"10":0,"11":0,"12":0,"13":0,"14":0,"15":0,"16":0,"17":0,"18":0,"19":0,"20":0,"21":0},"f":{"0":0,"1":0,"2":0,"3":0,"4":0},"b":{"0":[0,0],"1":[0,0],"2":[0,0],"3":[0,0]}}
,"/Users/berloonybaboony/Downloads/CS4218/cs4218-2520-ecom-project-cs4218-2520-team26/client/src/pages/Auth/Login.test.js": {"path":"/Users/berloonybaboony/Downloads/CS4218/cs4218-2520-ecom-project-cs4218-2520-team26/client/src/pages/Auth/Login.test.js","statementMap":{"0":{"start":{"line":13,"column":0},"end":{"line":13,"column":19}},"1":{"start":{"line":15,"column":0},"end":{"line":18,"column":4}},"2":{"start":{"line":15,"column":36},"end":{"line":18,"column":1}},"3":{"start":{"line":20,"column":21},"end":{"line":20,"column":30}},"4":{"start":{"line":21,"column":19},"end":{"line":21,"column":34}},"5":{"start":{"line":23,"column":0},"end":{"line":27,"column":4}},"6":{"start":{"line":23,"column":37},"end":{"line":27,"column":1}},"7":{"start":{"line":25,"column":23},"end":{"line":25,"column":35}},"8":{"start":{"line":26,"column":23},"end":{"line":26,"column":35}},"9":{"start":{"line":29,"column":0},"end":{"line":29,"column":84}},"10":{"start":{"line":29,"column":43},"end":{"line":29,"column":82}},"11":{"start":{"line":29,"column":61},"end":{"line":29,"column":82}},"12":{"start":{"line":31,"column":20},"end":{"line":31,"column":29}},"13":{"start":{"line":32,"column":0},"end":{"line":34,"column":6}},"14":{"start":{"line":32,"column":39},"end":{"line":34,"column":3}},"15":{"start":{"line":33,"column":27},"end":{"line":33,"column":46}},"16":{"start":{"line":36,"column":2},"end":{"line":38,"column":6}},"17":{"start":{"line":36,"column":41},"end":{"line":38,"column":3}},"18":{"start":{"line":37,"column":27},"end":{"line":37,"column":44}},"19":{"start":{"line":40,"column":0},"end":{"line":42,"column":6}},"20":{"start":{"line":40,"column":41},"end":{"line":42,"column":3}},"21":{"start":{"line":41,"column":29},"end":{"line":41,"column":57}},"22":{"start":{"line":44,"column":2},"end":{"line":52,"column":5}},"23":{"start":{"line":54,"column":0},"end":{"line":60,"column":4}},"24":{"start":{"line":55,"column":4},"end":{"line":59,"column":6}},"25":{"start":{"line":63,"column":24},"end":{"line":69,"column":1}},"26":{"start":{"line":71,"column":17},"end":{"line":79,"column":1}},"27":{"start":{"line":80,"column":18},"end":{"line":80,"column":30}},"28":{"start":{"line":84,"column":4},"end":{"line":84,"column":116}},"29":{"start":{"line":85,"column":4},"end":{"line":85,"column":114}},"30":{"start":{"line":89,"column":0},"end":{"line":250,"column":3}},"31":{"start":{"line":90,"column":4},"end":{"line":94,"column":7}},"32":{"start":{"line":91,"column":8},"end":{"line":91,"column":29}},"33":{"start":{"line":92,"column":8},"end":{"line":92,"column":39}},"34":{"start":{"line":93,"column":8},"end":{"line":93,"column":64}},"35":{"start":{"line":96,"column":4},"end":{"line":105,"column":7}},"36":{"start":{"line":98,"column":8},"end":{"line":98,"column":26}},"37":{"start":{"line":101,"column":8},"end":{"line":101,"column":76}},"38":{"start":{"line":102,"column":8},"end":{"line":102,"column":87}},"39":{"start":{"line":103,"column":8},"end":{"line":103,"column":90}},"40":{"start":{"line":104,"column":8},"end":{"line":104,"column":91}},"41":{"start":{"line":107,"column":4},"end":{"line":115,"column":9}},"42":{"start":{"line":109,"column":8},"end":{"line":109,"column":26}},"43":{"start":{"line":110,"column":8},"end":{"line":110,"column":24}},"44":{"start":{"line":113,"column":8},"end":{"line":113,"column":98}},"45":{"start":{"line":114,"column":8},"end":{"line":114,"column":96}},"46":{"start":{"line":117,"column":4},"end":{"line":124,"column":7}},"47":{"start":{"line":119,"column":8},"end":{"line":119,"column":26}},"48":{"start":{"line":122,"column":8},"end":{"line":122,"column":82}},"49":{"start":{"line":123,"column":8},"end":{"line":123,"column":85}},"50":{"start":{"line":126,"column":4},"end":{"line":146,"column":7}},"51":{"start":{"line":128,"column":8},"end":{"line":134,"column":11}},"52":{"start":{"line":135,"column":8},"end":{"line":135,"column":26}},"53":{"start":{"line":136,"column":8},"end":{"line":136,"column":24}},"54":{"start":{"line":139,"column":8},"end":{"line":139,"column":71}},"55":{"start":{"line":142,"column":8},"end":{"line":145,"column":12}},"56":{"start":{"line":142,"column":28},"end":{"line":145,"column":10}},"57":{"start":{"line":148,"column":4},"end":{"line":185,"column":7}},"58":{"start":{"line":150,"column":28},"end":{"line":150,"column":53}},"59":{"start":{"line":151,"column":8},"end":{"line":151,"column":60}},"60":{"start":{"line":152,"column":29},"end":{"line":157,"column":9}},"61":{"start":{"line":158,"column":8},"end":{"line":158,"column":65}},"62":{"start":{"line":159,"column":8},"end":{"line":159,"column":26}},"63":{"start":{"line":160,"column":8},"end":{"line":160,"column":24}},"64":{"start":{"line":163,"column":8},"end":{"line":163,"column":71}},"65":{"start":{"line":166,"column":8},"end":{"line":184,"column":11}},"66":{"start":{"line":167,"column":12},"end":{"line":171,"column":15}},"67":{"start":{"line":172,"column":12},"end":{"line":176,"column":15}},"68":{"start":{"line":177,"column":12},"end":{"line":182,"column":16}},"69":{"start":{"line":183,"column":12},"end":{"line":183,"column":59}},"70":{"start":{"line":187,"column":4},"end":{"line":208,"column":7}},"71":{"start":{"line":189,"column":8},"end":{"line":189,"column":46}},"72":{"start":{"line":190,"column":8},"end":{"line":197,"column":11}},"73":{"start":{"line":198,"column":8},"end":{"line":198,"column":26}},"74":{"start":{"line":199,"column":8},"end":{"line":199,"column":24}},"75":{"start":{"line":202,"column":8},"end":{"line":202,"column":71}},"76":{"start":{"line":205,"column":8},"end":{"line":207,"column":11}},"77":{"start":{"line":206,"column":12},"end":{"line":206,"column":67}},"78":{"start":{"line":210,"column":4},"end":{"line":224,"column":7}},"79":{"start":{"line":212,"column":8},"end":{"line":214,"column":11}},"80":{"start":{"line":215,"column":8},"end":{"line":215,"column":26}},"81":{"start":{"line":216,"column":8},"end":{"line":216,"column":24}},"82":{"start":{"line":219,"column":8},"end":{"line":219,"column":71}},"83":{"start":{"line":222,"column":8},"end":{"line":222,"column":67}},"84":{"start":{"line":222,"column":28},"end":{"line":222,"column":65}},"85":{"start":{"line":223,"column":8},"end":{"line":223,"column":72}},"86":{"start":{"line":226,"column":4},"end":{"line":238,"column":7}},"87":{"start":{"line":228,"column":8},"end":{"line":228,"column":68}},"88":{"start":{"line":229,"column":8},"end":{"line":229,"column":26}},"89":{"start":{"line":230,"column":8},"end":{"line":230,"column":24}},"90":{"start":{"line":233,"column":8},"end":{"line":233,"column":71}},"91":{"start":{"line":236,"column":8},"end":{"line":236,"column":67}},"92":{"start":{"line":236,"column":28},"end":{"line":236,"column":65}},"93":{"start":{"line":237,"column":8},"end":{"line":237,"column":73}},"94":{"start":{"line":240,"column":4},"end":{"line":249,"column":7}},"95":{"start":{"line":242,"column":8},"end":{"line":242,"column":26}},"96":{"start":{"line":245,"column":8},"end":{"line":245,"column":80}},"97":{"start":{"line":248,"column":8},"end":{"line":248,"column":70}}},"fnMap":{"0":{"name":"(anonymous_0)","decl":{"start":{"line":15,"column":29},"end":{"line":15,"column":30}},"loc":{"start":{"line":15,"column":36},"end":{"line":18,"column":1}},"line":15},"1":{"name":"(anonymous_1)","decl":{"start":{"line":23,"column":30},"end":{"line":23,"column":31}},"loc":{"start":{"line":23,"column":37},"end":{"line":27,"column":1}},"line":23},"2":{"name":"(anonymous_2)","decl":{"start":{"line":25,"column":17},"end":{"line":25,"column":18}},"loc":{"start":{"line":25,"column":23},"end":{"line":25,"column":35}},"line":25},"3":{"name":"(anonymous_3)","decl":{"start":{"line":26,"column":17},"end":{"line":26,"column":18}},"loc":{"start":{"line":26,"column":23},"end":{"line":26,"column":35}},"line":26},"4":{"name":"(anonymous_4)","decl":{"start":{"line":29,"column":37},"end":{"line":29,"column":38}},"loc":{"start":{"line":29,"column":43},"end":{"line":29,"column":82}},"line":29},"5":{"name":"(anonymous_5)","decl":{"start":{"line":29,"column":43},"end":{"line":29,"column":44}},"loc":{"start":{"line":29,"column":61},"end":{"line":29,"column":82}},"line":29},"6":{"name":"(anonymous_6)","decl":{"start":{"line":32,"column":32},"end":{"line":32,"column":33}},"loc":{"start":{"line":32,"column":39},"end":{"line":34,"column":3}},"line":32},"7":{"name":"(anonymous_7)","decl":{"start":{"line":33,"column":21},"end":{"line":33,"column":22}},"loc":{"start":{"line":33,"column":27},"end":{"line":33,"column":46}},"line":33},"8":{"name":"(anonymous_8)","decl":{"start":{"line":36,"column":34},"end":{"line":36,"column":35}},"loc":{"start":{"line":36,"column":41},"end":{"line":38,"column":3}},"line":36},"9":{"name":"(anonymous_9)","decl":{"start":{"line":37,"column":21},"end":{"line":37,"column":22}},"loc":{"start":{"line":37,"column":27},"end":{"line":37,"column":44}},"line":37},"10":{"name":"(anonymous_10)","decl":{"start":{"line":40,"column":34},"end":{"line":40,"column":35}},"loc":{"start":{"line":40,"column":41},"end":{"line":42,"column":3}},"line":40},"11":{"name":"(anonymous_11)","decl":{"start":{"line":41,"column":23},"end":{"line":41,"column":24}},"loc":{"start":{"line":41,"column":29},"end":{"line":41,"column":57}},"line":41},"12":{"name":"(anonymous_12)","decl":{"start":{"line":54,"column":41},"end":{"line":54,"column":42}},"loc":{"start":{"line":54,"column":52},"end":{"line":60,"column":3}},"line":54},"13":{"name":"(anonymous_13)","decl":{"start":{"line":57,"column":19},"end":{"line":57,"column":20}},"loc":{"start":{"line":57,"column":30},"end":{"line":57,"column":32}},"line":57},"14":{"name":"(anonymous_14)","decl":{"start":{"line":58,"column":22},"end":{"line":58,"column":23}},"loc":{"start":{"line":58,"column":33},"end":{"line":58,"column":35}},"line":58},"15":{"name":"fillLoginForm","decl":{"start":{"line":83,"column":9},"end":{"line":83,"column":22}},"loc":{"start":{"line":83,"column":25},"end":{"line":86,"column":1}},"line":83},"16":{"name":"(anonymous_16)","decl":{"start":{"line":89,"column":28},"end":{"line":89,"column":29}},"loc":{"start":{"line":89,"column":34},"end":{"line":250,"column":1}},"line":89},"17":{"name":"(anonymous_17)","decl":{"start":{"line":90,"column":15},"end":{"line":90,"column":16}},"loc":{"start":{"line":90,"column":21},"end":{"line":94,"column":5}},"line":90},"18":{"name":"(anonymous_18)","decl":{"start":{"line":96,"column":36},"end":{"line":96,"column":37}},"loc":{"start":{"line":96,"column":42},"end":{"line":105,"column":5}},"line":96},"19":{"name":"(anonymous_19)","decl":{"start":{"line":107,"column":53},"end":{"line":107,"column":54}},"loc":{"start":{"line":107,"column":59},"end":{"line":115,"column":7}},"line":107},"20":{"name":"(anonymous_20)","decl":{"start":{"line":117,"column":43},"end":{"line":117,"column":44}},"loc":{"start":{"line":117,"column":55},"end":{"line":124,"column":5}},"line":117},"21":{"name":"(anonymous_21)","decl":{"start":{"line":126,"column":67},"end":{"line":126,"column":68}},"loc":{"start":{"line":126,"column":79},"end":{"line":146,"column":5}},"line":126},"22":{"name":"(anonymous_22)","decl":{"start":{"line":142,"column":22},"end":{"line":142,"column":23}},"loc":{"start":{"line":142,"column":28},"end":{"line":145,"column":10}},"line":142},"23":{"name":"(anonymous_23)","decl":{"start":{"line":148,"column":45},"end":{"line":148,"column":46}},"loc":{"start":{"line":148,"column":57},"end":{"line":185,"column":5}},"line":148},"24":{"name":"(anonymous_24)","decl":{"start":{"line":166,"column":22},"end":{"line":166,"column":23}},"loc":{"start":{"line":166,"column":28},"end":{"line":184,"column":9}},"line":166},"25":{"name":"(anonymous_25)","decl":{"start":{"line":187,"column":61},"end":{"line":187,"column":62}},"loc":{"start":{"line":187,"column":73},"end":{"line":208,"column":5}},"line":187},"26":{"name":"(anonymous_26)","decl":{"start":{"line":205,"column":22},"end":{"line":205,"column":23}},"loc":{"start":{"line":205,"column":28},"end":{"line":207,"column":9}},"line":205},"27":{"name":"(anonymous_27)","decl":{"start":{"line":210,"column":55},"end":{"line":210,"column":56}},"loc":{"start":{"line":210,"column":67},"end":{"line":224,"column":5}},"line":210},"28":{"name":"(anonymous_28)","decl":{"start":{"line":222,"column":22},"end":{"line":222,"column":23}},"loc":{"start":{"line":222,"column":28},"end":{"line":222,"column":65}},"line":222},"29":{"name":"(anonymous_29)","decl":{"start":{"line":226,"column":82},"end":{"line":226,"column":83}},"loc":{"start":{"line":226,"column":94},"end":{"line":238,"column":5}},"line":226},"30":{"name":"(anonymous_30)","decl":{"start":{"line":236,"column":22},"end":{"line":236,"column":23}},"loc":{"start":{"line":236,"column":28},"end":{"line":236,"column":65}},"line":236},"31":{"name":"(anonymous_31)","decl":{"start":{"line":240,"column":85},"end":{"line":240,"column":86}},"loc":{"start":{"line":240,"column":91},"end":{"line":249,"column":5}},"line":240}},"branchMap":{"0":{"loc":{"start":{"line":54,"column":20},"end":{"line":60,"column":3}},"type":"binary-expr","locations":[{"start":{"line":54,"column":20},"end":{"line":54,"column":37}},{"start":{"line":54,"column":41},"end":{"line":60,"column":3}}],"line":54}},"s":{"0":0,"1":0,"2":0,"3":0,"4":0,"5":0,"6":0,"7":0,"8":0,"9":0,"10":0,"11":0,"12":0,"13":0,"14":0,"15":0,"16":0,"17":0,"18":0,"19":0,"20":0,"21":0,"22":0,"23":0,"24":0,"25":0,"26":0,"27":0,"28":0,"29":0,"30":0,"31":0,"32":0,"33":0,"34":0,"35":0,"36":0,"37":0,"38":0,"39":0,"40":0,"41":0,"42":0,"43":0,"44":0,"45":0,"46":0,"47":0,"48":0,"49":0,"50":0,"51":0,"52":0,"53":0,"54":0,"55":0,"56":0,"57":0,"58":0,"59":0,"60":0,"61":0,"62":0,"63":0,"64":0,"65":0,"66":0,"67":0,"68":0,"69":0,"70":0,"71":0,"72":0,"73":0,"74":0,"75":0,"76":0,"77":0,"78":0,"79":0,"80":0,"81":0,"82":0,"83":0,"84":0,"85":0,"86":0,"87":0,"88":0,"89":0,"90":0,"91":0,"92":0,"93":0,"94":0,"95":0,"96":0,"97":0},"f":{"0":0,"1":0,"2":0,"3":0,"4":0,"5":0,"6":0,"7":0,"8":0,"9":0,"10":0,"11":0,"12":0,"13":0,"14":0,"15":0,"16":0,"17":0,"18":0,"19":0,"20":0,"21":0,"22":0,"23":0,"24":0,"25":0,"26":0,"27":0,"28":0,"29":0,"30":0,"31":0},"b":{"0":[0,0]}}
,"/Users/berloonybaboony/Downloads/CS4218/cs4218-2520-ecom-project-cs4218-2520-team26/client/src/pages/Auth/Register.js": {"path":"/Users/berloonybaboony/Downloads/CS4218/cs4218-2520-ecom-project-cs4218-2520-team26/client/src/pages/Auth/Register.js","statementMap":{"0":{"start":{"line":7,"column":17},"end":{"line":132,"column":1}},"1":{"start":{"line":8,"column":26},"end":{"line":8,"column":38}},"2":{"start":{"line":9,"column":28},"end":{"line":9,"column":40}},"3":{"start":{"line":10,"column":34},"end":{"line":10,"column":46}},"4":{"start":{"line":11,"column":28},"end":{"line":11,"column":40}},"5":{"start":{"line":12,"column":32},"end":{"line":12,"column":44}},"6":{"start":{"line":13,"column":24},"end":{"line":13,"column":36}},"7":{"start":{"line":14,"column":30},"end":{"line":14,"column":42}},"8":{"start":{"line":15,"column":19},"end":{"line":15,"column":32}},"9":{"start":{"line":18,"column":23},"end":{"line":40,"column":3}},"10":{"start":{"line":19,"column":4},"end":{"line":19,"column":23}},"11":{"start":{"line":20,"column":4},"end":{"line":39,"column":5}},"12":{"start":{"line":21,"column":18},"end":{"line":29,"column":8}},"13":{"start":{"line":30,"column":6},"end":{"line":35,"column":7}},"14":{"start":{"line":31,"column":8},"end":{"line":31,"column":61}},"15":{"start":{"line":32,"column":8},"end":{"line":32,"column":27}},"16":{"start":{"line":34,"column":8},"end":{"line":34,"column":38}},"17":{"start":{"line":37,"column":6},"end":{"line":37,"column":25}},"18":{"start":{"line":38,"column":6},"end":{"line":38,"column":42}},"19":{"start":{"line":42,"column":2},"end":{"line":131,"column":4}},"20":{"start":{"line":51,"column":31},"end":{"line":51,"column":54}},"21":{"start":{"line":63,"column":31},"end":{"line":63,"column":55}},"22":{"start":{"line":74,"column":31},"end":{"line":74,"column":58}},"23":{"start":{"line":85,"column":31},"end":{"line":85,"column":55}},"24":{"start":{"line":96,"column":31},"end":{"line":96,"column":57}},"25":{"start":{"line":107,"column":31},"end":{"line":107,"column":53}},"26":{"start":{"line":118,"column":31},"end":{"line":118,"column":56}}},"fnMap":{"0":{"name":"(anonymous_0)","decl":{"start":{"line":7,"column":17},"end":{"line":7,"column":18}},"loc":{"start":{"line":7,"column":23},"end":{"line":132,"column":1}},"line":7},"1":{"name":"(anonymous_1)","decl":{"start":{"line":18,"column":23},"end":{"line":18,"column":24}},"loc":{"start":{"line":18,"column":36},"end":{"line":40,"column":3}},"line":18},"2":{"name":"(anonymous_2)","decl":{"start":{"line":51,"column":24},"end":{"line":51,"column":25}},"loc":{"start":{"line":51,"column":31},"end":{"line":51,"column":54}},"line":51},"3":{"name":"(anonymous_3)","decl":{"start":{"line":63,"column":24},"end":{"line":63,"column":25}},"loc":{"start":{"line":63,"column":31},"end":{"line":63,"column":55}},"line":63},"4":{"name":"(anonymous_4)","decl":{"start":{"line":74,"column":24},"end":{"line":74,"column":25}},"loc":{"start":{"line":74,"column":31},"end":{"line":74,"column":58}},"line":74},"5":{"name":"(anonymous_5)","decl":{"start":{"line":85,"column":24},"end":{"line":85,"column":25}},"loc":{"start":{"line":85,"column":31},"end":{"line":85,"column":55}},"line":85},"6":{"name":"(anonymous_6)","decl":{"start":{"line":96,"column":24},"end":{"line":96,"column":25}},"loc":{"start":{"line":96,"column":31},"end":{"line":96,"column":57}},"line":96},"7":{"name":"(anonymous_7)","decl":{"start":{"line":107,"column":24},"end":{"line":107,"column":25}},"loc":{"start":{"line":107,"column":31},"end":{"line":107,"column":53}},"line":107},"8":{"name":"(anonymous_8)","decl":{"start":{"line":118,"column":24},"end":{"line":118,"column":25}},"loc":{"start":{"line":118,"column":31},"end":{"line":118,"column":56}},"line":118}},"branchMap":{"0":{"loc":{"start":{"line":30,"column":6},"end":{"line":35,"column":7}},"type":"if","locations":[{"start":{"line":30,"column":6},"end":{"line":35,"column":7}},{"start":{"line":33,"column":13},"end":{"line":35,"column":7}}],"line":30},"1":{"loc":{"start":{"line":30,"column":10},"end":{"line":30,"column":33}},"type":"binary-expr","locations":[{"start":{"line":30,"column":10},"end":{"line":30,"column":13}},{"start":{"line":30,"column":17},"end":{"line":30,"column":33}}],"line":30}},"s":{"0":0,"1":0,"2":0,"3":0,"4":0,"5":0,"6":0,"7":0,"8":0,"9":0,"10":0,"11":0,"12":0,"13":0,"14":0,"15":0,"16":0,"17":0,"18":0,"19":0,"20":0,"21":0,"22":0,"23":0,"24":0,"25":0,"26":0},"f":{"0":0,"1":0,"2":0,"3":0,"4":0,"5":0,"6":0,"7":0,"8":0},"b":{"0":[0,0],"1":[0,0]}}
,"/Users/berloonybaboony/Downloads/CS4218/cs4218-2520-ecom-project-cs4218-2520-team26/client/src/pages/Auth/Register.test.js": {"path":"/Users/berloonybaboony/Downloads/CS4218/cs4218-2520-ecom-project-cs4218-2520-team26/client/src/pages/Auth/Register.test.js","statementMap":{"0":{"start":{"line":10,"column":0},"end":{"line":10,"column":19}},"1":{"start":{"line":12,"column":0},"end":{"line":15,"column":4}},"2":{"start":{"line":12,"column":36},"end":{"line":15,"column":1}},"3":{"start":{"line":17,"column":21},"end":{"line":17,"column":30}},"4":{"start":{"line":18,"column":0},"end":{"line":21,"column":4}},"5":{"start":{"line":18,"column":37},"end":{"line":21,"column":1}},"6":{"start":{"line":20,"column":23},"end":{"line":20,"column":35}},"7":{"start":{"line":23,"column":0},"end":{"line":23,"column":84}},"8":{"start":{"line":23,"column":43},"end":{"line":23,"column":82}},"9":{"start":{"line":23,"column":61},"end":{"line":23,"column":82}},"10":{"start":{"line":26,"column":0},"end":{"line":28,"column":6}},"11":{"start":{"line":26,"column":39},"end":{"line":28,"column":3}},"12":{"start":{"line":27,"column":27},"end":{"line":27,"column":44}},"13":{"start":{"line":30,"column":2},"end":{"line":32,"column":6}},"14":{"start":{"line":30,"column":41},"end":{"line":32,"column":3}},"15":{"start":{"line":31,"column":27},"end":{"line":31,"column":44}},"16":{"start":{"line":34,"column":0},"end":{"line":36,"column":6}},"17":{"start":{"line":34,"column":41},"end":{"line":36,"column":3}},"18":{"start":{"line":35,"column":29},"end":{"line":35,"column":57}},"19":{"start":{"line":38,"column":2},"end":{"line":45,"column":5}},"20":{"start":{"line":47,"column":0},"end":{"line":53,"column":4}},"21":{"start":{"line":48,"column":4},"end":{"line":52,"column":6}},"22":{"start":{"line":56,"column":19},"end":{"line":66,"column":1}},"23":{"start":{"line":68,"column":17},"end":{"line":76,"column":1}},"24":{"start":{"line":80,"column":4},"end":{"line":86,"column":6}},"25":{"start":{"line":90,"column":4},"end":{"line":92,"column":7}},"26":{"start":{"line":93,"column":4},"end":{"line":95,"column":7}},"27":{"start":{"line":96,"column":4},"end":{"line":98,"column":7}},"28":{"start":{"line":99,"column":4},"end":{"line":101,"column":7}},"29":{"start":{"line":102,"column":4},"end":{"line":104,"column":7}},"30":{"start":{"line":105,"column":4},"end":{"line":107,"column":7}},"31":{"start":{"line":108,"column":4},"end":{"line":110,"column":7}},"32":{"start":{"line":115,"column":0},"end":{"line":204,"column":3}},"33":{"start":{"line":116,"column":2},"end":{"line":118,"column":5}},"34":{"start":{"line":117,"column":4},"end":{"line":117,"column":25}},"35":{"start":{"line":120,"column":2},"end":{"line":134,"column":5}},"36":{"start":{"line":122,"column":48},"end":{"line":122,"column":64}},"37":{"start":{"line":125,"column":4},"end":{"line":125,"column":60}},"38":{"start":{"line":126,"column":4},"end":{"line":126,"column":70}},"39":{"start":{"line":127,"column":4},"end":{"line":127,"column":71}},"40":{"start":{"line":128,"column":4},"end":{"line":128,"column":74}},"41":{"start":{"line":129,"column":4},"end":{"line":129,"column":71}},"42":{"start":{"line":130,"column":4},"end":{"line":130,"column":73}},"43":{"start":{"line":131,"column":4},"end":{"line":131,"column":69}},"44":{"start":{"line":132,"column":4},"end":{"line":132,"column":72}},"45":{"start":{"line":133,"column":4},"end":{"line":133,"column":61}},"46":{"start":{"line":136,"column":2},"end":{"line":157,"column":5}},"47":{"start":{"line":138,"column":4},"end":{"line":138,"column":64}},"48":{"start":{"line":139,"column":4},"end":{"line":139,"column":66}},"49":{"start":{"line":140,"column":48},"end":{"line":140,"column":64}},"50":{"start":{"line":141,"column":4},"end":{"line":141,"column":32}},"51":{"start":{"line":144,"column":4},"end":{"line":144,"column":50}},"52":{"start":{"line":147,"column":4},"end":{"line":147,"column":69}},"53":{"start":{"line":147,"column":24},"end":{"line":147,"column":67}},"54":{"start":{"line":148,"column":4},"end":{"line":156,"column":7}},"55":{"start":{"line":159,"column":2},"end":{"line":173,"column":5}},"56":{"start":{"line":161,"column":4},"end":{"line":161,"column":64}},"57":{"start":{"line":162,"column":4},"end":{"line":162,"column":66}},"58":{"start":{"line":163,"column":48},"end":{"line":163,"column":64}},"59":{"start":{"line":164,"column":4},"end":{"line":164,"column":32}},"60":{"start":{"line":167,"column":4},"end":{"line":167,"column":50}},"61":{"start":{"line":170,"column":4},"end":{"line":170,"column":63}},"62":{"start":{"line":170,"column":24},"end":{"line":170,"column":61}},"63":{"start":{"line":171,"column":4},"end":{"line":171,"column":86}},"64":{"start":{"line":172,"column":4},"end":{"line":172,"column":56}},"65":{"start":{"line":175,"column":2},"end":{"line":188,"column":5}},"66":{"start":{"line":177,"column":4},"end":{"line":177,"column":64}},"67":{"start":{"line":178,"column":4},"end":{"line":178,"column":99}},"68":{"start":{"line":179,"column":48},"end":{"line":179,"column":64}},"69":{"start":{"line":180,"column":4},"end":{"line":180,"column":32}},"70":{"start":{"line":183,"column":4},"end":{"line":183,"column":50}},"71":{"start":{"line":186,"column":4},"end":{"line":186,"column":63}},"72":{"start":{"line":186,"column":24},"end":{"line":186,"column":61}},"73":{"start":{"line":187,"column":4},"end":{"line":187,"column":68}},"74":{"start":{"line":190,"column":2},"end":{"line":203,"column":5}},"75":{"start":{"line":192,"column":4},"end":{"line":192,"column":64}},"76":{"start":{"line":193,"column":4},"end":{"line":193,"column":64}},"77":{"start":{"line":194,"column":48},"end":{"line":194,"column":64}},"78":{"start":{"l
[...]
art":{"line":160,"column":20},"end":{"line":160,"column":39}}},"fnMap":{"0":{"name":"(anonymous_0)","decl":{"start":{"line":10,"column":22},"end":{"line":10,"column":23}},"loc":{"start":{"line":10,"column":28},"end":{"line":178,"column":1}},"line":10},"1":{"name":"(anonymous_1)","decl":{"start":{"line":22,"column":25},"end":{"line":22,"column":26}},"loc":{"start":{"line":22,"column":37},"end":{"line":32,"column":3}},"line":22},"2":{"name":"(anonymous_2)","decl":{"start":{"line":34,"column":12},"end":{"line":34,"column":13}},"loc":{"start":{"line":34,"column":18},"end":{"line":36,"column":3}},"line":34},"3":{"name":"(anonymous_3)","decl":{"start":{"line":39,"column":23},"end":{"line":39,"column":24}},"loc":{"start":{"line":39,"column":36},"end":{"line":63,"column":3}},"line":39},"4":{"name":"(anonymous_4)","decl":{"start":{"line":81,"column":26},"end":{"line":81,"column":27}},"loc":{"start":{"line":81,"column":37},"end":{"line":83,"column":17}},"line":81},"5":{"name":"(anonymous_5)","decl":{"start":{"line":85,"column":33},"end":{"line":85,"column":34}},"loc":{"start":{"line":86,"column":18},"end":{"line":88,"column":27}},"line":86},"6":{"name":"(anonymous_6)","decl":{"start":{"line":98,"column":30},"end":{"line":98,"column":31}},"loc":{"start":{"line":98,"column":37},"end":{"line":98,"column":64}},"line":98},"7":{"name":"(anonymous_7)","decl":{"start":{"line":121,"column":28},"end":{"line":121,"column":29}},"loc":{"start":{"line":121,"column":35},"end":{"line":121,"column":58}},"line":121},"8":{"name":"(anonymous_8)","decl":{"start":{"line":130,"column":28},"end":{"line":130,"column":29}},"loc":{"start":{"line":130,"column":35},"end":{"line":130,"column":65}},"line":130},"9":{"name":"(anonymous_9)","decl":{"start":{"line":140,"column":28},"end":{"line":140,"column":29}},"loc":{"start":{"line":140,"column":35},"end":{"line":140,"column":59}},"line":140},"10":{"name":"(anonymous_10)","decl":{"start":{"line":149,"column":28},"end":{"line":149,"column":29}},"loc":{"start":{"line":149,"column":35},"end":{"line":149,"column":62}},"line":149},"11":{"name":"(anonymous_11)","decl":{"start":{"line":159,"column":28},"end":{"line":159,"column":29}},"loc":{"start":{"line":159,"column":39},"end":{"line":161,"column":19}},"line":159}},"branchMap":{"0":{"loc":{"start":{"line":25,"column":6},"end":{"line":27,"column":7}},"type":"if","locations":[{"start":{"line":25,"column":6},"end":{"line":27,"column":7}},{"start":{},"end":{}}],"line":25},"1":{"loc":{"start":{"line":53,"column":6},"end":{"line":58,"column":7}},"type":"if","locations":[{"start":{"line":53,"column":6},"end":{"line":58,"column":7}},{"start":{"line":56,"column":13},"end":{"line":58,"column":7}}],"line":53},"2":{"loc":{"start":{"line":93,"column":19},"end":{"line":93,"column":54}},"type":"cond-expr","locations":[{"start":{"line":93,"column":27},"end":{"line":93,"column":37}},{"start":{"line":93,"column":40},"end":{"line":93,"column":54}}],"line":93},"3":{"loc":{"start":{"line":104,"column":17},"end":{"line":113,"column":17}},"type":"binary-expr","locations":[{"start":{"line":104,"column":17},"end":{"line":104,"column":22}},{"start":{"line":105,"column":18},"end":{"line":112,"column":24}}],"line":104}},"s":{"0":1,"1":1,"2":29,"3":29,"4":28,"5":28,"6":28,"7":28,"8":28,"9":28,"10":28,"11":28,"12":15,"13":15,"14":14,"15":13,"16":1,"17":1,"18":28,"19":15,"20":28,"21":3,"22":3,"23":3,"24":3,"25":3,"26":3,"27":3,"28":3,"29":3,"30":3,"31":2,"32":1,"33":1,"34":1,"35":1,"36":1,"37":28,"38":1,"39":12,"40":1,"41":2,"42":1,"43":1,"44":1,"45":1},"f":{"0":29,"1":15,"2":15,"3":3,"4":1,"5":12,"6":1,"7":2,"8":1,"9":1,"10":1,"11":1},"b":{"0":[13,1],"1":[1,1],"2":[1,27],"3":[28,1]},"_coverageSchema":"1a1c01bbd47fc00a2c39e90264f33305004495a9","hash":"20f487b8a2ca8e1f94df061ecded910e6283a83d"}
,"/Users/berloonybaboony/Downloads/CS4218/cs4218-2520-ecom-project-cs4218-2520-team26/client/src/pages/admin/Products.js": {"path":"/Users/berloonybaboony/Downloads/CS4218/cs4218-2520-ecom-project-cs4218-2520-team26/client/src/pages/admin/Products.js","statementMap":{"0":{"start":{"line":7,"column":17},"end":{"line":58,"column":1}},"1":{"start":{"line":8,"column":34},"end":{"line":8,"column":46}},"2":{"start":{"line":11,"column":25},"end":{"line":19,"column":3}},"3":{"start":{"line":12,"column":4},"end":{"line":18,"column":5}},"4":{"start":{"line":13,"column":23},"end":{"line":13,"column":69}},"5":{"start":{"line":14,"column":6},"end":{"line":14,"column":33}},"6":{"start":{"line":16,"column":6},"end":{"line":16,"column":25}},"7":{"start":{"line":17,"column":6},"end":{"line":17,"column":43}},"8":{"start":{"line":22,"column":2},"end":{"line":24,"column":9}},"9":{"start":{"line":23,"column":4},"end":{"line":23,"column":21}},"10":{"start":{"line":25,"column":2},"end":{"line":57,"column":4}},"11":{"start":{"line":35,"column":14},"end":{"line":51,"column":21}}},"fnMap":{"0":{"name":"(anonymous_0)","decl":{"start":{"line":7,"column":17},"end":{"line":7,"column":18}},"loc":{"start":{"line":7,"column":23},"end":{"line":58,"column":1}},"line":7},"1":{"name":"(anonymous_1)","decl":{"start":{"line":11,"column":25},"end":{"line":11,"column":26}},"loc":{"start":{"line":11,"column":37},"end":{"line":19,"column":3}},"line":11},"2":{"name":"(anonymous_2)","decl":{"start":{"line":22,"column":12},"end":{"line":22,"column":13}},"loc":{"start":{"line":22,"column":18},"end":{"line":24,"column":3}},"line":22},"3":{"name":"(anonymous_3)","decl":{"start":{"line":34,"column":27},"end":{"line":34,"column":28}},"loc":{"start":{"line":35,"column":14},"end":{"line":51,"column":21}},"line":35}},"branchMap":{},"s":{"0":0,"1":0,"2":0,"3":0,"4":0,"5":0,"6":0,"7":0,"8":0,"9":0,"10":0,"11":0},"f":{"0":0,"1":0,"2":0,"3":0},"b":{}}
,"/Users/berloonybaboony/Downloads/CS4218/cs4218-2520-ecom-project-cs4218-2520-team26/client/src/pages/admin/UpdateProduct.js": {"path":"/Users/berloonybaboony/Downloads/CS4218/cs4218-2520-ecom-project-cs4218-2520-team26/client/src/pages/admin/UpdateProduct.js","statementMap":{"0":{"start":{"line":8,"column":19},"end":{"line":8,"column":25}},"1":{"start":{"line":10,"column":22},"end":{"line":233,"column":1}},"2":{"start":{"line":11,"column":19},"end":{"line":11,"column":32}},"3":{"start":{"line":12,"column":17},"end":{"line":12,"column":28}},"4":{"start":{"line":13,"column":38},"end":{"line":13,"column":50}},"5":{"start":{"line":14,"column":26},"end":{"line":14,"column":38}},"6":{"start":{"line":15,"column":40},"end":{"line":15,"column":52}},"7":{"start":{"line":16,"column":28},"end":{"line":16,"column":40}},"8":{"start":{"line":17,"column":34},"end":{"line":17,"column":46}},"9":{"start":{"line":18,"column":34},"end":{"line":18,"column":46}},"10":{"start":{"line":19,"column":34},"end":{"line":19,"column":46}},"11":{"start":{"line":20,"column":28},"end":{"line":20,"column":40}},"12":{"start":{"line":21,"column":22},"end":{"line":21,"column":34}},"13":{"start":{"line":24,"column":27},"end":{"line":40,"column":3}},"14":{"start":{"line":25,"column":4},"end":{"line":39,"column":5}},"15":{"start":{"line":26,"column":23},"end":{"line":28,"column":7}},"16":{"start":{"line":29,"column":6},"end":{"line":29,"column":33}},"17":{"start":{"line":30,"column":6},"end":{"line":30,"column":30}},"18":{"start":{"line":31,"column":6},"end":{"line":31,"column":47}},"19":{"start":{"line":32,"column":6},"end":{"line":32,"column":35}},"20":{"start":{"line":33,"column":6},"end":{"line":33,"column":35}},"21":{"start":{"line":34,"column":6},"end":{"line":34,"column":41}},"22":{"start":{"line":35,"column":6},"end":{"line":35,"column":41}},"23":{"start":{"line":36,"column":6},"end":{"line":36,"column":45}},"24":{"start":{"line":38,"column":6},"end":{"line":38,"column":25}},"25":{"start":{"line":41,"column":2},"end":{"line":44,"column":9}},"26":{"start":{"line":42,"column":4},"end":{"line":42,"column":23}},"27":{"start":{"line":46,"column":25},"end":{"line":56,"column":3}},"28":{"start":{"line":47,"column":4},"end":{"line":55,"column":5}},"29":{"start":{"line":48,"column":23},"end":{"line":48,"column":71}},"30":{"start":{"line":49,"column":6},"end":{"line":51,"column":7}},"31":{"start":{"line":50,"column":8},"end":{"line":50,"column":38}},"32":{"start":{"line":53,"column":6},"end":{"line":53,"column":25}},"33":{"start":{"line":54,"column":6},"end":{"line":54,"column":63}},"34":{"start":{"line":58,"column":2},"end":{"line":60,"column":9}},"35":{"start":{"line":59,"column":4},"end":{"line":59,"column":21}},"36":{"start":{"line":63,"column":23},"end":{"line":87,"column":3}},"37":{"start":{"line":64,"column":4},"end":{"line":64,"column":23}},"38":{"start":{"line":65,"column":4},"end":{"line":86,"column":5}},"39":{"start":{"line":66,"column":26},"end":{"line":66,"column":40}},"40":{"start":{"line":67,"column":6},"end":{"line":67,"column":39}},"41":{"start":{"line":68,"column":6},"end":{"line":68,"column":53}},"42":{"start":{"line":69,"column":6},"end":{"line":69,"column":41}},"43":{"start":{"line":70,"column":6},"end":{"line":70,"column":47}},"44":{"start":{"line":71,"column":6},"end":{"line":71,"column":50}},"45":{"start":{"line":72,"column":6},"end":{"line":72,"column":47}},"46":{"start":{"line":73,"column":23},"end":{"line":76,"column":7}},"47":{"start":{"line":77,"column":6},"end":{"line":82,"column":7}},"48":{"start":{"line":78,"column":8},"end":{"line":78,"column":35}},"49":{"start":{"line":80,"column":8},"end":{"line":80,"column":54}},"50":{"start":{"line":81,"column":8},"end":{"line":81,"column":46}},"51":{"start":{"line":84,"column":6},"end":{"line":84,"column":25}},"52":{"start":{"line":85,"column":6},"end":{"line":85,"column":42}},"53":{"start":{"line":90,"column":23},"end":{"line":103,"column":3}},"54":{"start":{"line":91,"column":4},"end":{"line":102,"column":5}},"55":{"start":{"line":92,"column":19},"end":{"line":92,"column":79}},"56":{"start":{"line":93,"column":6},"end":{"line":93,"column":26}},"57":{"start":{"line":93,"column":19},"end":{"line":93,"column":26}},"58":{"start":{"line":94,"column":23},"end":{"line":96,"column":7}},"59":{"start":{"line":97,"column":6},"end":{"line":97,"column":49}},"60":{"start":{"line":98,"column":6},"end":{"line":98,"column":44}},"61":{"start":{"line":100,"column":6},"end":{"line":100,"column":25}},"62":{"start":{"line":101,"column":6},"end":{"line":101,"column":42}},"63":{"start":{"line":104,"column":2},"end":{"line":232,"column":4}},"64":{"start":{"line":121,"column":18},"end":{"line":121,"column":37}},"65":{"start":{"line":126,"column":18},"end":{"line":128,"column":27}},"66":{"start":{"line":138,"column":37},"end":{"line":138,"column":64}},"67":{"start":{"line":170,"column":35},"end":{"line":170,"column":58}},"68":{"start":{"line":179,"column":35},"end":{"line":179,"column":65}},"69":{"start":{"line":189,"column":35},"end":{"line":189,"column":59}},"70":{"start":{"line":198,"column":35},"end":{"line":198,"column":62}},"71":{"start":{"line":209,"column":20},"end":{"line":209,"column":39}}},"fnMap":{"0":{"name":"(anonymous_0)","decl":{"start":{"line":10,"column":22},"end":{"line":10,"column":23}},"loc":{"start":{"line":10,"column":28},"end":{"line":233,"column":1}},"line":10},"1":{"name":"(anonymous_1)","decl":{"start":{"line":24,"column":27},"end":{"line":24,"column":28}},"loc":{"start":{"line":24,"column":39},"end":{"line":40,"column":3}},"line":24},"2":{"name":"(anonymous_2)","decl":{"start":{"line":41,"column":12},"end":{"line":41,"column":13}},"loc":{"start":{"line":41,"column":18},"end":{"line":44,"column":3}},"line":41},"3":{"name":"(anonymous_3)","decl":{"start":{"line":46,"column":25},"end":{"line":46,"column":26}},"loc":{"start":{"line":46,"column":37},"end":{"line":56,"column":3}},"line":46},"4":{"name":"(anonymous_4)","decl":{"start":{"line":58,"column":12},"end":{"line":58,"column":13}},"loc":{"start":{"line":58,"column":18},"end":{"line":60,"column":3}},"line":58},"5":{"name":"(anonymous_5)","decl":{"start":{"line":63,"column":23},"end":{"line":63,"column":24}},"loc":{"start":{"line":63,"column":36},"end":{"line":87,"column":3}},"line":63},"6":{"name":"(anonymous_6)","decl":{"start":{"line":90,"column":23},"end":{"line":90,"column":24}},"loc":{"start":{"line":90,"column":35},"end":{"line":103,"column":3}},"line":90},"7":{"name":"(anonymous_7)","decl":{"start":{"line":120,"column":26},"end":{"line":120,"column":27}},"loc":{"start":{"line":120,"column":37},"end":{"line":122,"column":17}},"line":120},"8":{"name":"(anonymous_8)","decl":{"start":{"line":125,"column":33},"end":{"line":125,"column":34}},"loc":{"start":{"line":126,"column":18},"end":{"line":128,"column":27}},"line":126},"9":{"name":"(anonymous_9)","decl":{"start":{"line":138,"column":30},"end":{"line":138,"column":31}},"loc":{"start":{"line":138,"column":37},"end":{"line":138,"column":64}},"line":138},"10":{"name":"(anonymous_10)","decl":{"start":{"line":170,"column":28},"end":{"line":170,"column":29}},"loc":{"start":{"line":170,"column":35},"end":{"line":170,"column":58}},"line":170},"11":{"name":"(anonymous_11)","decl":{"start":{"line":179,"column":28},"end":{"line":179,"column":29}},"loc":{"start":{"line":179,"column":35},"end":{"line":179,"column":65}},"line":179},"12":{"name":"(anonymous_12)","decl":{"start":{"line":189,"column":28},"end":{"line":189,"column":29}},"loc":{"start":{"line":189,"column":35},"end":{"line":189,"column":59}},"line":189},"13":{"name":"(anonymous_13)","decl":{"start":{"line":198,"column":28},"end":{"line":198,"column":29}},"loc":{"start":{"line":198,"column":35},"end":{"line":198,"column":62}},"line":198},"14":{"name":"(anonymous_14)","decl":{"start":{"line":208,"column":28},"end":{"line":208,"column":29}},"loc":{"start":{"line":208,"column":39},"end":{"line":210,"column":19}},"line":208}},"branchMap":{"0":{"loc":{"start":{"line":49,"column":6},"end":{"line":51,"column":7}},"type":"if","locations":[{"start":{"line":49,"column":6},"end":{"line":51,"column":7}},{"start":{},"end":{}}],"line":49},"1":{"loc":{"start":{"line":71,"column":6},"end":{"line":71,"column":49}},"type":"binary-expr","locations":[{"start":{"line":71,"column":6},"end":{"line":71,"column":11}},{"start":{"line":71,"column":15},"end":{"line":71,"column":49}}],"line":71},"2":{"loc":{"start":{"line":77,"column":6},"end":{"line":82,"column":7}},"type":"if","locations":[{"start":{"line":77,"column":6},"end":{"line":82,"column":7}},{"start":{"line":79,"column":13},"end":{"line":82,"column":7}}],"line":77},"3":{"loc":{"start":{"line":93,"column":6},"end":{"line":93,"column":26}},"type":"if","locations":[{"start":{"line":93,"column":6},"end":{"line":93,"column":26}},{"start":{},"end":{}}],"line":93},"4":{"loc":{"start":{"line":133,"column":19},"end":{"line":133,"column":54}},"type":"cond-expr","locations":[{"start":{"line":133,"column":27},"end":{"line":133,"column":37}},{"start":{"line":133,"column":40},"end":{"line":133,"column":54}}],"line":133},"5":{"loc":{"start":{"line":144,"column":17},"end":{"line":162,"column":17}},"type":"cond-expr","locations":[{"start":{"line":145,"column":18},"end":{"line":152,"column":24}},{"start":{"line":154,"column":18},"end":{"line":161,"column":24}}],"line":144},"6":{"loc":{"start":{"line":211,"column":25},"end":{"line":211,"column":48}},"type":"cond-expr","locations":[{"start":{"line":211,"column":36},"end":{"line":211,"column":41}},{"start":{"line":211,"column":44},"end":{"line":211,"column":48}}],"line":211}},"s":{"0":0,"1":0,"2":0,"3":0,"4":0,"5":0,"6":0,"7":0,"8":0,"9":0,"10":0,"11":0,"12":0,"13":0,"14":0,"15":0,"16":0,"17":0,"18":0,"19":0,"20":0,"21":0,"22":0,"23":0,"24":0,"25":0,"26":0,"27":0,"28":0,"29":0,"30":0,"31":0,"32":0,"33":0,"34":0,"35":0,"36":0,"37":0,"38":0,"39":0,"40":0,"41":0,"42":0,"43":0,"44":0,"45":0,"46":0,"47":0,"48":0,"49":0,"50":0,"51":0,"52":0,"53":0,"54":0,"55":0,"56":0,"57":0,"58":0,"59":0,"60":0,"61":0,"62":0,"63":0,"64":0,"65":0,"66":0,"67":0,"68":0,"69":0,"70":0,"71":0},"f":{"0":0,"1":0,"2":0,"3":0,"4":0,"5":0,"6":0,"7":0,"8":0,"9":0,"10":0,"11":0,"12":0,"13":0,"14":0},"b":{"0":[0,0],"1":[0,0],"2":[0,0],"3":[0,0],"4":[0,0],"5":[0,0],"6":[0,0]}}
,"/Users/berloonybaboony/Downloads/CS4218/cs4218-2520-ecom-project-cs4218-2520-team26/client/src/pages/admin/Users.js": {"path":"/Users/berloonybaboony/Downloads/CS4218/cs4218-2520-ecom-project-cs4218-2520-team26/client/src/pages/admin/Users.js","statementMap":{"0":{"start":{"line":5,"column":14},"end":{"line":20,"column":1}},"1":{"start":{"line":6,"column":2},"end":{"line":19,"column":4}}},"fnMap":{"0":{"name":"(anonymous_0)","decl":{"start":{"line":5,"column":14},"end":{"line":5,"column":15}},"loc":{"start":{"line":5,"column":20},"end":{"line":20,"column":1}},"line":5}},"branchMap":{},"s":{"0":0,"1":0},"f":{"0":0},"b":{}}
,"/Users/berloonybaboony/Downloads/CS4218/cs4218-2520-ecom-project-cs4218-2520-team26/client/src/pages/admin/Users.test.js": {"path":"/Users/berloonybaboony/Downloads/CS4218/cs4218-2520-ecom-project-cs4218-2520-team26/client/src/pages/admin/Users.test.js","statementMap":{"0":{"start":{"line":7,"column":0},"end":{"line":15,"column":3}},"1":{"start":{"line":8,"column":4},"end":{"line":14,"column":6}},"2":{"start":{"line":9,"column":8},"end":{"line":13,"column":10}},"3":{"start":{"line":17,"column":0},"end":{"line":21,"column":3}},"4":{"start":{"line":18,"column":4},"end":{"line":20,"column":6}},"5":{"start":{"line":19,"column":8},"end":{"line":19,"column":62}},"6":{"start":{"line":24,"column":0},"end":{"line":66,"column":3}},"7":{"start":{"line":25,"column":28},"end":{"line":31,"column":5}},"8":{"start":{"line":26,"column":8},"end":{"line":30,"column":10}},"9":{"start":{"line":33,"column":4},"end":{"line":43,"column":7}},"10":{"start":{"line":38,"column":8},"end":{"line":38,"column":26}},"11":{"start":{"line":41,"column":23},"end":{"line":41,"column":51}},"12":{"start":{"line":42,"column":8},"end":{"line":42,"column":78}},"13":{"start":{"line":45,"column":4},"end":{"line":54,"column":7}},"14":{"start":{"line":50,"column":8},"end":{"line":50,"column":26}},"15":{"start":{"line":53,"column":8},"end":{"line":53,"column":69}},"16":{"start":{"line":56,"column":4},"end":{"line":65,"column":7}},"17":{"start":{"line":61,"column":8},"end":{"line":61,"column":26}},"18":{"start":{"line":64,"column":8},"end":{"line":64,"column":87}}},"fnMap":{"0":{"name":"(anonymous_0)","decl":{"start":{"line":7,"column":37},"end":{"line":7,"column":38}},"loc":{"start":{"line":7,"column":43},"end":{"line":15,"column":1}},"line":7},"1":{"name":"MockLayout","decl":{"start":{"line":8,"column":20},"end":{"line":8,"column":30}},"loc":{"start":{"line":8,"column":52},"end":{"line":14,"column":5}},"line":8},"2":{"name":"(anonymous_2)","decl":{"start":{"line":17,"column":40},"end":{"line":17,"column":41}},"loc":{"start":{"line":17,"column":46},"end":{"line":21,"column":1}},"line":17},"3":{"name":"MockAdminMenu","decl":{"start":{"line":18,"column":20},"end":{"line":18,"column":33}},"loc":{"start":{"line":18,"column":36},"end":{"line":20,"column":5}},"line":18},"4":{"name":"(anonymous_4)","decl":{"start":{"line":24,"column":28},"end":{"line":24,"column":29}},"loc":{"start":{"line":24,"column":34},"end":{"line":66,"column":1}},"line":24},"5":{"name":"(anonymous_5)","decl":{"start":{"line":25,"column":28},"end":{"line":25,"column":29}},"loc":{"start":{"line":25,"column":34},"end":{"line":31,"column":5}},"line":25},"6":{"name":"(anonymous_6)","decl":{"start":{"line":33,"column":50},"end":{"line":33,"column":51}},"loc":{"start":{"line":33,"column":56},"end":{"line":43,"column":5}},"line":33},"7":{"name":"(anonymous_7)","decl":{"start":{"line":45,"column":44},"end":{"line":45,"column":45}},"loc":{"start":{"line":45,"column":50},"end":{"line":54,"column":5}},"line":45},"8":{"name":"(anonymous_8)","decl":{"start":{"line":56,"column":42},"end":{"line":56,"column":43}},"loc":{"start":{"line":56,"column":48},"end":{"line":65,"column":5}},"line":56}},"branchMap":{},"s":{"0":0,"1":0,"2":0,"3":0,"4":0,"5":0,"6":0,"7":0,"8":0,"9":0,"10":0,"11":0,"12":0,"13":0,"14":0,"15":0,"16":0,"17":0,"18":0},"f":{"0":0,"1":0,"2":0,"3":0,"4":0,"5":0,"6":0,"7":0,"8":0},"b":{}}
}
