TN:
SF:client/src/components/AdminMenu.js
FN:3,(anonymous_0)
FNF:1
FNH:1
FNDA:3,(anonymous_0)
DA:3,1
DA:4,3
LF:2
LH:2
BRF:0
BRH:0
end_of_record
TN:
SF:client/src/components/Footer.js
FN:4,(anonymous_0)
FNF:1
FNH:0
FNDA:0,(anonymous_0)
DA:4,0
DA:5,0
LF:2
LH:0
BRF:0
BRH:0
end_of_record
TN:
SF:client/src/components/Header.js
FN:10,(anonymous_0)
FN:14,(anonymous_1)
FN:63,(anonymous_2)
FNF:3
FNH:0
FNDA:0,(anonymous_0)
FNDA:0,(anonymous_1)
FNDA:0,(anonymous_2)
DA:10,0
DA:11,0
DA:12,0
DA:13,0
DA:14,0
DA:15,0
DA:20,0
DA:21,0
DA:23,0
DA:64,0
LF:10
LH:0
BRDA:76,0,0,0
BRDA:76,0,1,0
BRDA:105,1,0,0
BRDA:105,1,1,0
BRF:4
BRH:0
end_of_record
TN:
SF:client/src/components/Layout.js
FN:8,(anonymous_0)
FNF:1
FNH:0
FNDA:0,(anonymous_0)
DA:8,0
DA:9,0
DA:28,0
LF:3
LH:0
BRF:0
BRH:0
end_of_record
TN:
SF:client/src/components/Prices.js
FNF:0
FNH:0
DA:1,0
LF:1
LH:0
BRF:0
BRH:0
end_of_record
TN:
SF:client/src/components/Spinner.js
FN:3,(anonymous_0)
FN:8,(anonymous_1)
FN:9,(anonymous_2)
FN:10,(anonymous_3)
FN:15,(anonymous_4)
FNF:5
FNH:0
FNDA:0,(anonymous_0)
FNDA:0,(anonymous_1)
FNDA:0,(anonymous_2)
FNDA:0,(anonymous_3)
FNDA:0,(anonymous_4)
DA:3,0
DA:4,0
DA:5,0
DA:6,0
DA:8,0
DA:9,0
DA:10,0
DA:12,0
DA:15,0
DA:17,0
LF:10
LH:0
BRDA:3,0,0,0
BRDA:12,1,0,0
BRDA:12,1,1,0
BRF:3
BRH:0
end_of_record
TN:
SF:client/src/components/UserMenu.js
FN:3,(anonymous_0)
FNF:1
FNH:1
FNDA:5,(anonymous_0)
DA:3,1
DA:4,5
LF:2
LH:2
BRF:0
BRH:0
end_of_record
TN:
SF:client/src/components/Form/CategoryForm.js
FN:3,(anonymous_0)
FN:13,(anonymous_1)
FNF:2
FNH:2
FNDA:49,(anonymous_0)
FNDA:4,(anonymous_1)
DA:3,2
DA:4,49
DA:13,4
LF:3
LH:3
BRF:0
BRH:0
end_of_record
TN:
SF:client/src/components/Form/SearchInput.js
FN:5,(anonymous_0)
FN:9,(anonymous_1)
FN:30,(anonymous_2)
FNF:3
FNH:3
FNDA:11,(anonymous_0)
FNDA:3,(anonymous_1)
FNDA:3,(anonymous_2)
DA:5,1
DA:6,11
DA:7,11
DA:9,11
DA:10,3
DA:11,3
DA:12,3
DA:15,2
DA:16,2
DA:18,1
DA:21,11
DA:30,3
LF:12
LH:12
BRF:0
BRH:0
end_of_record
TN:
SF:client/src/components/Routes/AdminRoute.js
FN:8,AdminRoute
FN:12,(anonymous_1)
FN:13,(anonymous_2)
FNF:3
FNH:0
FNDA:0,AdminRoute
FNDA:0,(anonymous_1)
FNDA:0,(anonymous_2)
DA:9,0
DA:10,0
DA:12,0
DA:13,0
DA:14,0
DA:15,0
DA:16,0
DA:18,0
DA:21,0
DA:24,0
LF:10
LH:0
BRDA:15,0,0,0
BRDA:15,0,1,0
BRDA:21,1,0,0
BRDA:21,1,1,0
BRDA:24,2,0,0
BRDA:24,2,1,0
BRF:6
BRH:0
end_of_record
TN:
SF:client/src/components/Routes/Private.js
FN:8,PrivateRoute
FN:12,(anonymous_1)
FN:13,(anonymous_2)
FNF:3
FNH:3
FNDA:8,PrivateRoute
FNDA:6,(anonymous_1)
FNDA:4,(anonymous_2)
DA:9,8
DA:10,7
DA:12,7
DA:13,6
DA:14,4
DA:15,4
DA:16,3
DA:17,2
DA:19,1
DA:22,1
DA:23,1
DA:26,6
DA:29,7
LF:13
LH:13
BRDA:16,0,0,2
BRDA:16,0,1,1
BRDA:26,1,0,4
BRDA:26,1,1,2
BRDA:29,2,0,1
BRDA:29,2,1,6
BRF:6
BRH:6
end_of_record
TN:
SF:client/src/context/auth.js
FN:6,(anonymous_0)
FN:15,(anonymous_1)
FN:39,(anonymous_2)
FNF:3
FNH:3
FNDA:8,(anonymous_0)
FNDA:5,(anonymous_1)
FNDA:8,(anonymous_2)
DA:4,3
DA:6,3
DA:7,8
DA:13,8
DA:15,8
DA:16,5
DA:17,5
DA:18,3
DA:19,3
DA:20,2
DA:26,1
DA:31,8
DA:39,8
LF:13
LH:13
BRDA:17,0,0,3
BRDA:17,0,1,2
BRF:2
BRH:2
end_of_record
TN:
SF:client/src/context/cart.js
FN:9,(anonymous_0)
FN:12,(anonymous_1)
FN:25,(anonymous_2)
FNF:3
FNH:3
FNDA:5,(anonymous_0)
FNDA:3,(anonymous_1)
FNDA:5,(anonymous_2)
DA:8,1
DA:9,1
DA:10,5
DA:12,5
DA:13,3
DA:14,3
DA:17,5
DA:25,5
LF:8
LH:8
BRDA:14,0,0,1
BRDA:14,0,1,2
BRF:2
BRH:2
end_of_record
TN:
SF:client/src/context/search.js
FN:4,(anonymous_0)
FN:18,(anonymous_1)
FNF:2
FNH:2
FNDA:13,(anonymous_0)
FNDA:13,(anonymous_1)
DA:3,2
DA:4,2
DA:5,13
DA:10,13
DA:18,13
LF:5
LH:5
BRF:0
BRH:0
end_of_record
TN:
SF:client/src/pages/About.js
FN:4,(anonymous_0)
FNF:1
FNH:0
FNDA:0,(anonymous_0)
DA:4,0
DA:5,0
LF:2
LH:0
BRF:0
BRH:0
end_of_record
TN:
SF:client/src/pages/CartPage.js
FN:12,(anonymous_0)
FN:21,(anonymous_1)
FN:24,(anonymous_2)
FN:36,(anonymous_3)
FN:39,(anonymous_4)
FN:49,(anonymous_5)
FN:57,(anonymous_6)
FN:62,(anonymous_7)
FN:102,(anonymous_8)
FN:121,(anonymous_9)
FN:141,(anonymous_10)
FN:152,(anonymous_11)
FN:159,(anonymous_12)
FN:182,(anonymous_13)
FNF:14
FNH:14
FNDA:23,(anonymous_0)
FNDA:23,(anonymous_1)
FNDA:44,(anonymous_2)
FNDA:2,(anonymous_3)
FNDA:2,(anonymous_4)
FNDA:12,(anonymous_5)
FNDA:12,(anonymous_6)
FNDA:1,(anonymous_7)
FNDA:44,(anonymous_8)
FNDA:2,(anonymous_9)
FNDA:1,(anonymous_10)
FNDA:1,(anonymous_11)
FNDA:1,(anonymous_12)
FNDA:9,(anonymous_13)
DA:12,1
DA:13,23
DA:14,23
DA:15,23
DA:16,23
DA:17,23
DA:18,23
DA:21,23
DA:22,23
DA:23,23
DA:24,23
DA:25,44
DA:27,23
DA:32,1
DA:36,23
DA:37,2
DA:38,2
DA:39,2
DA:40,2
DA:41,2
DA:42,2
DA:44,1
DA:49,23
DA:50,12
DA:51,12
DA:52,11
DA:54,1
DA:57,23
DA:58,12
DA:62,23
DA:63,1
DA:64,1
DA:65,1
DA:66,1
DA:70,0
DA:71,0
DA:72,0
DA:73,0
DA:74,0
DA:76,1
DA:77,1
DA:80,23
DA:103,44
DA:121,2
DA:141,1
DA:152,1
DA:160,1
DA:182,9
LF:48
LH:43
BRDA:86,0,0,1
BRDA:86,0,1,22
BRDA:88,1,0,22
BRDA:88,1,1,22
BRDA:90,2,0,22
BRDA:90,2,1,1
BRDA:92,3,0,21
BRDA:92,3,1,1
BRDA:134,4,0,18
BRDA:134,4,1,5
BRDA:149,5,0,4
BRDA:149,5,1,1
BRDA:171,6,0,12
BRDA:171,6,1,11
BRDA:171,7,0,23
BRDA:171,7,1,11
BRDA:171,7,2,11
BRDA:188,8,0,11
BRDA:188,8,1,10
BRDA:188,8,2,6
BRDA:190,9,0,1
BRDA:190,9,1,10
BRF:22
BRH:22
end_of_record
TN:
SF:client/src/pages/Categories.js
FN:5,(anonymous_0)
FN:11,(anonymous_1)
FNF:2
FNH:2
FNDA:2,(anonymous_0)
FNDA:2,(anonymous_1)
DA:5,1
DA:6,2
DA:7,2
DA:12,2
LF:4
LH:4
BRF:0
BRH:0
end_of_record
TN:
SF:client/src/pages/CategoryProduct.js
FN:6,(anonymous_0)
FN:12,(anonymous_1)
FN:15,(anonymous_2)
FN:35,(anonymous_3)
FN:58,(anonymous_4)
FNF:5
FNH:5
FNDA:14,(anonymous_0)
FNDA:9,(anonymous_1)
FNDA:8,(anonymous_2)
FNDA:10,(anonymous_3)
FNDA:1,(anonymous_4)
DA:6,1
DA:7,14
DA:8,14
DA:9,14
DA:10,14
DA:12,14
DA:13,9
DA:15,14
DA:16,8
DA:17,8
DA:20,7
DA:21,7
DA:23,1
DA:27,14
DA:36,10
DA:58,1
LF:16
LH:16
BRDA:13,0,0,8
BRDA:13,0,1,1
BRF:2
BRH:2
end_of_record
TN:
SF:client/src/pages/Contact.js
FN:4,(anonymous_0)
FNF:1
FNH:1
FNDA:4,(anonymous_0)
DA:4,1
DA:5,4
LF:2
LH:2
BRF:0
BRH:0
end_of_record
TN:
SF:client/src/pages/HomePage.js
FN:12,(anonymous_0)
FN:24,(anonymous_1)
FN:35,(anonymous_2)
FN:40,(anonymous_3)
FN:53,(anonymous_4)
FN:62,(anonymous_5)
FN:67,(anonymous_6)
FN:80,(anonymous_7)
FN:85,(anonymous_8)
FN:89,(anonymous_9)
FN:93,(anonymous_10)
FN:98,(anonymous_11)
FN:123,(anonymous_12)
FN:126,(anonymous_13)
FN:135,(anonymous_14)
FN:136,(anonymous_15)
FN:146,(anonymous_16)
FN:155,(anonymous_17)
FN:178,(anonymous_18)
FN:184,(anonymous_19)
FN:204,(anonymous_20)
FNF:21
FNH:21
FNDA:52,(anonymous_0)
FNDA:14,(anonymous_1)
FNDA:14,(anonymous_2)
FNDA:19,(anonymous_3)
FNDA:14,(anonymous_4)
FNDA:16,(anonymous_5)
FNDA:2,(anonymous_6)
FNDA:4,(anonymous_7)
FNDA:1,(anonymous_8)
FNDA:20,(anonymous_9)
FNDA:20,(anonymous_10)
FNDA:5,(anonymous_11)
FNDA:46,(anonymous_12)
FNDA:4,(anonymous_13)
FNDA:2,(anonymous_14)
FNDA:104,(anonymous_15)
FNDA:1,(anonymous_16)
FNDA:24,(anonymous_17)
FNDA:1,(anonymous_18)
FNDA:1,(anonymous_19)
FNDA:2,(anonymous_20)
DA:12,1
DA:13,52
DA:14,52
DA:15,52
DA:16,52
DA:17,52
DA:18,52
DA:19,52
DA:20,52
DA:21,52
DA:24,52
DA:25,14
DA:26,14
DA:27,13
DA:28,12
DA:31,1
DA:35,52
DA:36,14
DA:37,14
DA:40,52
DA:41,19
DA:42,19
DA:43,19
DA:44,18
DA:45,18
DA:47,1
DA:48,1
DA:53,52
DA:54,14
DA:55,14
DA:56,13
DA:58,1
DA:62,52
DA:63,16
DA:64,2
DA:67,52
DA:68,2
DA:69,2
DA:70,2
DA:71,1
DA:72,1
DA:74,1
DA:75,1
DA:80,52
DA:81,4
DA:82,4
DA:83,3
DA:85,1
DA:87,4
DA:89,52
DA:90,20
DA:93,52
DA:94,20
DA:98,52
DA:99,5
DA:100,5
DA:104,4
DA:106,1
DA:109,52
DA:124,46
DA:126,4
DA:135,2
DA:137,104
DA:146,1
DA:156,24
DA:178,1
DA:185,1
DA:186,1
DA:190,1
DA:205,2
DA:206,2
LF:71
LH:71
BRDA:27,0,0,12
BRDA:27,0,1,1
BRDA:63,1,0,14
BRDA:63,1,1,2
BRDA:82,2,0,3
BRDA:82,2,1,1
BRDA:90,3,0,19
BRDA:90,3,1,1
BRDA:90,4,0,20
BRDA:90,4,1,4
BRDA:94,5,0,5
BRDA:94,5,1,15
BRDA:94,6,0,20
BRDA:94,6,1,16
BRDA:201,7,0,52
BRDA:201,7,1,52
BRDA:201,7,2,22
BRDA:209,8,0,9
BRDA:209,8,1,13
BRF:19
BRH:19
end_of_record
TN:
SF:client/src/pages/Pagenotfound.js
FN:5,(anonymous_0)
FNF:1
FNH:0
FNDA:0,(anonymous_0)
DA:5,0
DA:6,0
LF:2
LH:0
BRF:0
BRH:0
end_of_record
TN:
SF:client/src/pages/Policy.js
FN:4,(anonymous_0)
FNF:1
FNH:1
FNDA:3,(anonymous_0)
DA:4,1
DA:5,3
LF:2
LH:2
BRF:0
BRH:0
end_of_record
TN:
SF:client/src/pages/ProductDetails.js
FN:7,(anonymous_0)
FN:14,(anonymous_1)
FN:18,(anonymous_2)
FN:30,(anonymous_3)
FN:75,(anonymous_4)
FN:98,(anonymous_5)
FNF:6
FNH:6
FNDA:21,(anonymous_0)
FNDA:13,(anonymous_1)
FNDA:12,(anonymous_2)
FNDA:11,(anonymous_3)
FNDA:6,(anonymous_4)
FNDA:1,(anonymous_5)
DA:7,1
DA:8,21
DA:9,21
DA:10,21
DA:11,20
DA:14,20
DA:15,13
DA:18,20
DA:19,12
DA:20,12
DA:23,11
DA:24,11
DA:26,1
DA:30,20
DA:31,11
DA:32,11
DA:35,10
DA:37,1
DA:40,20
DA:76,6
DA:98,1
LF:21
LH:21
BRDA:15,0,0,12
BRDA:15,0,1,1
BRDA:71,1,0,20
BRDA:71,1,1,14
BRF:4
BRH:4
end_of_record
TN:
SF:client/src/pages/Search.js
FN:4,(anonymous_0)
FN:17,(anonymous_1)
FNF:2
FNH:2
FNDA:9,(anonymous_0)
FNDA:10,(anonymous_1)
DA:4,1
DA:5,9
DA:6,9
DA:18,10
LF:4
LH:4
BRDA:12,0,0,2
BRDA:12,0,1,7
BRF:2
BRH:2
end_of_record
TN:
SF:client/src/pages/Auth/Login.js
FN:9,(anonymous_0)
FN:20,(anonymous_1)
FN:62,(anonymous_2)
FN:73,(anonymous_3)
FN:84,(anonymous_4)
FNF:5
FNH:5
FNDA:21,(anonymous_0)
FNDA:5,(anonymous_1)
FNDA:6,(anonymous_2)
FNDA:6,(anonymous_3)
FNDA:1,(anonymous_4)
DA:9,1
DA:10,21
DA:11,21
DA:12,21
DA:15,21
DA:16,21
DA:20,21
DA:21,5
DA:22,5
DA:23,5
DA:27,4
DA:28,3
DA:36,3
DA:41,3
DA:42,3
DA:44,1
DA:47,1
DA:48,1
DA:51,21
DA:62,6
DA:73,6
DA:85,1
LF:22
LH:22
BRDA:27,0,0,3
BRDA:27,0,1,1
BRDA:27,1,0,4
BRDA:27,1,1,4
BRDA:28,2,0,3
BRDA:28,2,1,3
BRDA:42,3,0,3
BRDA:42,3,1,2
BRF:8
BRH:8
end_of_record
TN:
SF:client/src/pages/Auth/Register.js
FN:7,(anonymous_0)
FN:18,(anonymous_1)
FN:51,(anonymous_2)
FN:63,(anonymous_3)
FN:74,(anonymous_4)
FN:85,(anonymous_5)
FN:96,(anonymous_6)
FN:107,(anonymous_7)
FN:118,(anonymous_8)
FNF:9
FNH:9
FNDA:33,(anonymous_0)
FNDA:4,(anonymous_1)
FNDA:4,(anonymous_2)
FNDA:4,(anonymous_3)
FNDA:4,(anonymous_4)
FNDA:4,(anonymous_5)
FNDA:4,(anonymous_6)
FNDA:4,(anonymous_7)
FNDA:4,(anonymous_8)
DA:7,1
DA:8,33
DA:9,33
DA:10,33
DA:11,33
DA:12,33
DA:13,33
DA:14,33
DA:15,33
DA:18,33
DA:19,4
DA:20,4
DA:21,4
DA:30,3
DA:31,2
DA:32,2
DA:34,1
DA:37,1
DA:38,1
DA:42,33
DA:51,4
DA:63,4
DA:74,4
DA:85,4
DA:96,4
DA:107,4
DA:118,4
LF:27
LH:27
BRDA:30,0,0,2
BRDA:30,0,1,1
BRDA:30,1,0,3
BRDA:30,1,1,3
BRF:4
BRH:4
end_of_record
TN:
SF:client/src/pages/admin/AdminDashboard.js
FN:5,(anonymous_0)
FNF:1
FNH:1
FNDA:3,(anonymous_0)
DA:5,1
DA:6,3
DA:7,3
LF:3
LH:3
BRF:0
BRH:0
end_of_record
TN:
SF:client/src/pages/admin/AdminOrders.js
FN:11,(anonymous_0)
FN:21,(anonymous_1)
FN:30,(anonymous_2)
FN:34,(anonymous_3)
FN:52,(anonymous_4)
FN:72,(anonymous_5)
FN:75,(anonymous_6)
FN:90,(anonymous_7)
FNF:8
FNH:8
FNDA:24,(anonymous_0)
FNDA:13,(anonymous_1)
FNDA:13,(anonymous_2)
FNDA:3,(anonymous_3)
FNDA:20,(anonymous_4)
FNDA:3,(anonymous_5)
FNDA:100,(anonymous_6)
FNDA:20,(anonymous_7)
DA:9,1
DA:11,1
DA:12,24
DA:19,23
DA:20,23
DA:21,23
DA:22,13
DA:23,13
DA:24,12
DA:26,1
DA:30,23
DA:31,13
DA:34,23
DA:35,3
DA:36,3
DA:39,2
DA:41,1
DA:44,23
DA:53,20
DA:72,3
DA:76,100
DA:91,20
LF:22
LH:22
BRDA:31,0,0,11
BRDA:31,0,1,2
BRDA:84,1,0,10
BRDA:84,1,1,10
BRF:4
BRH:4
end_of_record
TN:
SF:client/src/pages/admin/CreateCategory.js
FN:8,(anonymous_0)
FN:15,(anonymous_1)
FN:34,(anonymous_2)
FN:46,(anonymous_3)
FN:51,(anonymous_4)
FN:72,(anonymous_5)
FN:113,(anonymous_6)
FN:120,(anonymous_7)
FN:130,(anonymous_8)
FN:144,(anonymous_9)
FNF:10
FNH:10
FNDA:39,(anonymous_0)
FNDA:3,(anonymous_1)
FNDA:18,(anonymous_2)
FNDA:15,(anonymous_3)
FNDA:3,(anonymous_4)
FNDA:3,(anonymous_5)
FNDA:42,(anonymous_6)
FNDA:5,(anonymous_7)
FNDA:3,(anonymous_8)
FNDA:1,(anonymous_9)
DA:8,1
DA:9,39
DA:10,38
DA:11,38
DA:12,38
DA:13,38
DA:15,38
DA:16,3
DA:17,3
DA:18,3
DA:21,2
DA:22,1
DA:23,1
DA:25,1
DA:28,1
DA:29,1
DA:34,38
DA:35,18
DA:36,18
DA:37,17
DA:38,16
DA:41,1
DA:42,1
DA:46,38
DA:47,15
DA:51,38
DA:52,3
DA:53,3
DA:54,3
DA:58,2
DA:59,1
DA:60,1
DA:61,1
DA:62,1
DA:63,1
DA:65,1
DA:68,1
DA:72,38
DA:73,3
DA:74,3
DA:77,2
DA:78,1
DA:80,1
DA:82,1
DA:85,1
DA:88,38
DA:114,42
DA:121,5
DA:122,5
DA:123,5
DA:131,3
DA:144,1
LF:52
LH:52
BRDA:21,0,0,1
BRDA:21,0,1,1
BRDA:37,1,0,16
BRDA:37,1,1,1
BRDA:58,2,0,1
BRDA:58,2,1,1
BRDA:77,3,0,1
BRDA:77,3,1,1
BRF:8
BRH:8
end_of_record
TN:
SF:client/src/pages/admin/CreateProduct.js
FN:10,(anonymous_0)
FN:22,(anonymous_1)
FN:34,(anonymous_2)
FN:39,(anonymous_3)
FN:81,(anonymous_4)
FN:85,(anonymous_5)
FN:98,(anonymous_6)
FN:121,(anonymous_7)
FN:130,(anonymous_8)
FN:140,(anonymous_9)
FN:149,(anonymous_10)
FN:159,(anonymous_11)
FNF:12
FNH:12
FNDA:29,(anonymous_0)
FNDA:15,(anonymous_1)
FNDA:15,(anonymous_2)
FNDA:3,(anonymous_3)
FNDA:1,(anonymous_4)
FNDA:12,(anonymous_5)
FNDA:1,(anonymous_6)
FNDA:2,(anonymous_7)
FNDA:1,(anonymous_8)
FNDA:1,(anonymous_9)
FNDA:1,(anonymous_10)
FNDA:1,(anonymous_11)
DA:8,1
DA:10,1
DA:11,29
DA:12,29
DA:13,28
DA:14,28
DA:15,28
DA:16,28
DA:17,28
DA:18,28
DA:19,28
DA:22,28
DA:23,15
DA:24,15
DA:25,14
DA:26,13
DA:29,1
DA:30,1
DA:34,28
DA:35,15
DA:39,28
DA:40,3
DA:41,3
DA:42,3
DA:43,3
DA:44,3
DA:45,3
DA:46,3
DA:47,3
DA:48,3
DA:49,3
DA:53,2
DA:54,1
DA:55,1
DA:57,1
DA:60,1
DA:61,1
DA:65,28
DA:82,1
DA:86,12
DA:98,1
DA:121,2
DA:130,1
DA:140,1
DA:149,1
DA:160,1
LF:46
LH:46
BRDA:25,0,0,13
BRDA:25,0,1,1
BRDA:53,1,0,1
BRDA:53,1,1,1
BRDA:93,2,0,1
BRDA:93,2,1,27
BRDA:104,3,0,28
BRDA:104,3,1,1
BRF:8
BRH:8
end_of_record
TN:
SF:client/src/pages/admin/Products.js
FN:7,(anonymous_0)
FN:11,(anonymous_1)
FN:22,(anonymous_2)
FN:34,(anonymous_3)
FNF:4
FNH:4
FNDA:10,(anonymous_0)
FNDA:6,(anonymous_1)
FNDA:6,(anonymous_2)
FNDA:6,(anonymous_3)
DA:7,1
DA:8,10
DA:11,9
DA:12,6
DA:13,6
DA:14,5
DA:16,1
DA:17,1
DA:22,9
DA:23,6
DA:25,9
DA:35,6
LF:12
LH:12
BRF:0
BRH:0
end_of_record
TN:
SF:client/src/pages/admin/UpdateProduct.js
FN:10,(anonymous_0)
FN:24,(anonymous_1)
FN:40,(anonymous_2)
FN:45,(anonymous_3)
FN:57,(anonymous_4)
FN:62,(anonymous_5)
FN:89,(anonymous_6)
FN:123,(anonymous_7)
FN:128,(anonymous_8)
FN:141,(anonymous_9)
FN:173,(anonymous_10)
FN:182,(anonymous_11)
FN:192,(anonymous_12)
FN:201,(anonymous_13)
FN:211,(anonymous_14)
FNF:15
FNH:15
FNDA:47,(anonymous_0)
FNDA:21,(anonymous_1)
FNDA:21,(anonymous_2)
FNDA:21,(anonymous_3)
FNDA:21,(anonymous_4)
FNDA:4,(anonymous_5)
FNDA:4,(anonymous_6)
FNDA:1,(anonymous_7)
FNDA:44,(anonymous_8)
FNDA:2,(anonymous_9)
FNDA:1,(anonymous_10)
FNDA:1,(anonymous_11)
FNDA:1,(anonymous_12)
FNDA:1,(anonymous_13)
FNDA:1,(anonymous_14)
DA:8,1
DA:10,1
DA:11,47
DA:12,47
DA:13,47
DA:14,46
DA:15,46
DA:16,46
DA:17,46
DA:18,46
DA:19,46
DA:20,46
DA:21,46
DA:24,46
DA:25,21
DA:26,21
DA:29,20
DA:30,20
DA:31,20
DA:32,20
DA:33,20
DA:34,20
DA:35,20
DA:37,1
DA:40,46
DA:41,21
DA:45,46
DA:46,21
DA:47,21
DA:48,20
DA:49,19
DA:52,1
DA:53,1
DA:57,46
DA:58,21
DA:62,46
DA:63,4
DA:64,4
DA:65,4
DA:66,4
DA:67,4
DA:68,4
DA:69,4
DA:70,4
DA:71,4
DA:72,4
DA:76,3
DA:77,2
DA:78,2
DA:80,1
DA:83,1
DA:84,1
DA:89,46
DA:90,4
DA:91,4
DA:92,4
DA:93,3
DA:96,2
DA:97,1
DA:98,1
DA:100,1
DA:103,1
DA:104,1
DA:107,46
DA:124,1
DA:129,44
DA:141,2
DA:173,1
DA:182,1
DA:192,1
DA:201,1
DA:212,1
LF:72
LH:72
BRDA:48,0,0,19
BRDA:48,0,1,1
BRDA:70,1,0,4
BRDA:70,1,1,1
BRDA:76,2,0,2
BRDA:76,2,1,1
BRDA:92,3,0,1
BRDA:92,3,1,3
BRDA:96,4,0,1
BRDA:96,4,1,1
BRDA:136,5,0,2
BRDA:136,5,1,44
BRDA:147,6,0,2
BRDA:147,6,1,44
BRDA:214,7,0,23
BRDA:214,7,1,23
BRF:16
BRH:16
end_of_record
TN:
SF:client/src/pages/admin/Users.js
FN:5,(anonymous_0)
FNF:1
FNH:1
FNDA:3,(anonymous_0)
DA:5,1
DA:6,3
LF:2
LH:2
BRF:0
BRH:0
end_of_record
TN:
SF:client/src/pages/user/Dashboard.js
FN:5,(anonymous_0)
FNF:1
FNH:1
FNDA:1,(anonymous_0)
DA:5,1
DA:6,1
DA:7,1
LF:3
LH:3
BRF:0
BRH:0
end_of_record
TN:
SF:client/src/pages/user/Orders.js
FN:8,(anonymous_0)
FN:11,(anonymous_1)
FN:20,(anonymous_2)
FN:32,(anonymous_3)
FN:58,(anonymous_4)
FNF:5
FNH:5
FNDA:14,(anonymous_0)
FNDA:9,(anonymous_1)
FNDA:10,(anonymous_2)
FNDA:5,(anonymous_3)
FNDA:3,(anonymous_4)
DA:8,1
DA:9,14
DA:10,14
DA:11,14
DA:12,9
DA:13,9
DA:14,8
DA:16,1
DA:20,14
DA:21,10
DA:23,14
DA:33,5
DA:59,3
LF:13
LH:13
BRDA:21,0,0,9
BRDA:21,0,1,1
BRDA:52,1,0,3
BRDA:52,1,1,2
BRF:4
BRH:4
end_of_record
TN:
SF:client/src/pages/user/Profile.js
FN:7,(anonymous_0)
FN:18,(anonymous_1)
FN:27,(anonymous_2)
FN:67,(anonymous_3)
FN:88,(anonymous_4)
FN:98,(anonymous_5)
FN:108,(anonymous_6)
FNF:7
FNH:7
FNDA:34,(anonymous_0)
FNDA:14,(anonymous_1)
FNDA:4,(anonymous_2)
FNDA:2,(anonymous_3)
FNDA:2,(anonymous_4)
FNDA:1,(anonymous_5)
FNDA:1,(anonymous_6)
DA:7,1
DA:9,34
DA:11,34
DA:12,34
DA:13,34
DA:14,34
DA:15,34
DA:18,34
DA:19,14
DA:20,14
DA:21,14
DA:22,14
DA:23,14
DA:27,34
DA:28,4
DA:29,4
DA:30,4
DA:37,3
DA:38,1
DA:40,2
DA:41,2
DA:42,2
DA:43,2
DA:44,2
DA:45,2
DA:48,1
DA:49,1
DA:52,34
DA:67,2
DA:88,2
DA:98,1
DA:108,1
LF:32
LH:32
BRDA:37,0,0,1
BRDA:37,0,1,2
BRF:2
BRH:2
end_of_record
